{
  "stats": {
    "suites": 1,
    "tests": 1,
    "passes": 0,
    "pending": 0,
    "failures": 1,
    "start": "2024-07-29T15:13:48.984Z",
    "end": "2024-07-29T15:15:04.342Z",
    "duration": 75358,
    "testsRegistered": 1,
    "passPercent": 0,
    "pendingPercent": 0,
    "other": 0,
    "hasOther": false,
    "skipped": 0,
    "hasSkipped": false
  },
  "results": [
    {
      "uuid": "dff6f510-1148-46f1-90db-fe2236b784c6",
      "title": "",
      "fullFile": "cypress\\e2e\\download_Invoice_after_purchase_order.cy.js",
      "file": "cypress\\e2e\\download_Invoice_after_purchase_order.cy.js",
      "beforeHooks": [],
      "afterHooks": [],
      "tests": [],
      "suites": [
        {
          "uuid": "4413c1a9-c3fe-47c8-91ee-d47f753f2bce",
          "title": "Download Invoice after purchase order",
          "fullFile": "",
          "file": "",
          "beforeHooks": [],
          "afterHooks": [],
          "tests": [
            {
              "title": "should allow downloading invoice after successful purchase",
              "fullTitle": "Download Invoice after purchase order should allow downloading invoice after successful purchase",
              "timedOut": null,
              "duration": 60818,
              "state": "failed",
              "speed": null,
              "pass": false,
              "fail": true,
              "pending": false,
              "context": "{\n  \"title\": \"cypress-mochawesome-reporter-screenshots\",\n  \"value\": [\n    [\n      \"\\\\download_Invoice_after_purchase_order.cy.js\\\\Download Invoice after purchase order -- should allow downloading invoice after successful purchase (failed) (9).png\"\n    ]\n  ]\n}",
              "code": "cy.visit('http://automationexercise.com');\n// Verify home page is visible\ncy.get('.logo a>img').should('be.visible');\n//click signup/login button\ncy.contains('Signup / Login').click();\n// Fill all details in Signup and create account\ncy.contains('New User Signup!').should('be.visible');\ncy.get('[data-qa=\"signup-name\"]').type('Amir Hossain');\ncy.get('[data-qa=\"signup-email\"]').type('amir.swe@gmail.com');\ncy.get('[data-qa=\"signup-button\"]').click();\n// Fill in account details\n// Replace '#input' with the actual selectors for each input field\ncy.get('#id_gender1').type('Mr.');\ncy.get('[data-qa=\"password\"]').type('abubakkar90');\ncy.get('[data-qa=\"days\"]').select('1');\ncy.get('[data-qa=\"months\"]').select('January');\ncy.get('[data-qa=\"years\"]').select('1998');\ncy.get('#newsletter').check();\ncy.get('#optin').check();\ncy.get('[data-qa=\"first_name\"]').type('Amir');\ncy.get('[data-qa=\"last_name\"]').type('Hossain');\ncy.get('[data-qa=\"company\"]').type('Test Company');\ncy.get('[data-qa=\"address\"]').type('123 Test St');\ncy.get('[data-qa=\"address2\"]').type('Apt 4B');\ncy.get('#country').select('Canada');\ncy.get('[data-qa=\"state\"]').type('NY');\ncy.get('[data-qa=\"city\"]').type('New York');\ncy.get('[data-qa=\"zipcode\"]').type('10001');\ncy.get('[data-qa=\"mobile_number\"]').type('1234567890');\ncy.get('[data-qa=\"create-account\"]').click();\ncy.get('[data-qa=\"account-created\"]').contains('Account Created!');\ncy.get('[data-qa=\"continue-button\"]').click();\n// Verify ' Logged in as username' at top\ncy.contains('Logged in as Amir Hossain').should('be.visible');\n// add product\ncy.get('.product-image-wrapper .choose > ul >li >a').first().click();\n// Verify product detail is opened\ncy.get('.product-information').should('be.visible');\n// Increase quantity to 4\ncy.get('#quantity').clear().type('4');\n// Click 'Add to cart' button\ncy.get('.cart').click();\n// confirm the product\ncy.get('#cartModal > div > div > div.modal-footer > button').click();\n// Click 'View Cart' button\ncy.get('li [href=\"/view_cart\"]').click();\n// Verify cart page is displayed\ncy.get('.cart_info').should('be.visible');\n// Click 'Proceed To Checkout' button again\ncy.contains('Proceed To Checkout').click();\n// Enter description in comment text area and click 'Place Order'\ncy.get('#ordermsg').type('Test order with registration');\ncy.contains('Place Order').click();\n// Click 'Pay and Confirm Order' button\ncy.get('[data-qa=\"name-on-card\"]').type('Amir Hossain');\ncy.get('[data-qa=\"card-number\"]').type('5655-1814-0058-1255');\ncy.get('[data-qa=\"cvc\"]').type('588');\ncy.get('[data-qa=\"expiry-month\"]').type('08/33');\ncy.get('[data-qa=\"expiry-year\"]').type('2033');\ncy.get('[data-qa = \"pay-button\"]').click();\n// Verify success message 'Your order has been placed successfully!'\ncy.contains('Congratulations! Your order has been confirmed!').should('be.visible');\n//Download Invoice\ncy.contains('Download Invoice').click();\n//Click on Continue Button\ncy.contains('Continue').click();\n// Click 'Delete Account' button\ncy.get('#header > div > div > div > div.col-sm-8 > div > ul > li:nth-child(5) > a').click();\n// Verify 'ACCOUNT DELETED!' and click 'Continue' button\ncy.get('[data-qa=\"account-deleted\"]').contains('Account Deleted!');\ncy.get('[data-qa=\"continue-button\"]').click();",
              "err": {
                "message": "CypressError: Timed out after waiting `60000ms` for your remote page to load.\n\nYour page did not fire its `load` event within `60000ms`.\n\nYou can try increasing the `pageLoadTimeout` value in `cypress.config.js` to wait longer.\n\nBrowsers will not fire the `load` event until all stylesheets and scripts are done downloading.\n\nWhen this `load` event occurs, Cypress will continue running commands.",
                "estack": "CypressError: Timed out after waiting `60000ms` for your remote page to load.\n\nYour page did not fire its `load` event within `60000ms`.\n\nYou can try increasing the `pageLoadTimeout` value in `cypress.config.js` to wait longer.\n\nBrowsers will not fire the `load` event until all stylesheets and scripts are done downloading.\n\nWhen this `load` event occurs, Cypress will continue running commands.\n    at timedOutWaitingForPageLoad (https://automationexercise.com/__cypress/runner/cypress_runner.js:130511:64)\n    at <unknown> (https://automationexercise.com/__cypress/runner/cypress_runner.js:131497:16)\n    at tryCatcher (https://automationexercise.com/__cypress/runner/cypress_runner.js:1807:23)\n    at <unknown> (https://automationexercise.com/__cypress/runner/cypress_runner.js:4186:41)\n    at tryCatcher (https://automationexercise.com/__cypress/runner/cypress_runner.js:1807:23)\n    at Promise._settlePromiseFromHandler (https://automationexercise.com/__cypress/runner/cypress_runner.js:1519:31)\n    at Promise._settlePromise (https://automationexercise.com/__cypress/runner/cypress_runner.js:1576:18)\n    at Promise._settlePromise0 (https://automationexercise.com/__cypress/runner/cypress_runner.js:1621:10)\n    at Promise._settlePromises (https://automationexercise.com/__cypress/runner/cypress_runner.js:1697:18)\n    at _drainQueueStep (https://automationexercise.com/__cypress/runner/cypress_runner.js:2407:12)\n    at _drainQueue (https://automationexercise.com/__cypress/runner/cypress_runner.js:2400:9)\n    at Async._drainQueues (https://automationexercise.com/__cypress/runner/cypress_runner.js:2416:5)\n    at Async.drainQueues (https://automationexercise.com/__cypress/runner/cypress_runner.js:2286:14)\nFrom Your Spec Code:\n    at Context.eval (webpack:///./cypress/e2e/download_Invoice_after_purchase_order.cy.js:3:11)",
                "diff": null
              },
              "uuid": "f3c8b3f9-1468-4bba-9c60-edbc290e57d2",
              "parentUUID": "4413c1a9-c3fe-47c8-91ee-d47f753f2bce",
              "isHook": false,
              "skipped": false
            }
          ],
          "suites": [],
          "passes": [],
          "failures": [
            "f3c8b3f9-1468-4bba-9c60-edbc290e57d2"
          ],
          "pending": [],
          "skipped": [],
          "duration": 60818,
          "root": false,
          "rootEmpty": false,
          "_timeout": 2000
        }
      ],
      "passes": [],
      "failures": [],
      "pending": [],
      "skipped": [],
      "duration": 0,
      "root": true,
      "rootEmpty": true,
      "_timeout": 2000
    }
  ],
  "meta": {
    "mocha": {
      "version": "7.0.1"
    },
    "mochawesome": {
      "options": {
        "quiet": false,
        "reportFilename": "mochawesome",
        "saveHtml": false,
        "saveJson": true,
        "consoleReporter": "spec",
        "useInlineDiffs": false,
        "code": true
      },
      "version": "7.1.3"
    },
    "marge": {
      "options": {
        "id": "default",
        "charts": true,
        "reportPageTitle": "custom-title",
        "reportDir": "cypress\\reports\\.jsons",
        "embeddedScreenshots": true,
        "inlineAssets": true,
        "saveAllAttempts": true,
        "overwrite": false,
        "html": false,
        "json": true
      },
      "version": "6.2.0"
    }
  }
}