{
  "stats": {
    "suites": 1,
    "tests": 1,
    "passes": 0,
    "pending": 0,
    "failures": 1,
    "start": "2024-07-29T15:17:54.088Z",
    "end": "2024-07-29T15:19:24.935Z",
    "duration": 90847,
    "testsRegistered": 1,
    "passPercent": 0,
    "pendingPercent": 0,
    "other": 0,
    "hasOther": false,
    "skipped": 0,
    "hasSkipped": false
  },
  "results": [
    {
      "uuid": "81323579-a623-4f8f-9e0d-cbdea22bbc2a",
      "title": "",
      "fullFile": "cypress\\e2e\\logout_user.cy.js",
      "file": "cypress\\e2e\\logout_user.cy.js",
      "beforeHooks": [],
      "afterHooks": [],
      "tests": [],
      "suites": [
        {
          "uuid": "3245e7d9-8e63-435c-a8d0-8f03d6fe7e01",
          "title": "Logout User",
          "fullFile": "",
          "file": "",
          "beforeHooks": [],
          "afterHooks": [],
          "tests": [
            {
              "title": "should login and logout a user",
              "fullTitle": "Logout User should login and logout a user",
              "timedOut": null,
              "duration": 60879,
              "state": "failed",
              "speed": null,
              "pass": false,
              "fail": true,
              "pending": false,
              "context": "{\n  \"title\": \"cypress-mochawesome-reporter-screenshots\",\n  \"value\": [\n    [\n      \"\\\\logout_user.cy.js\\\\Logout User -- should login and logout a user (failed) (3).png\"\n    ]\n  ]\n}",
              "code": "cy.visit('http://automationexercise.com');\ncy.contains('Signup / Login').click();\ncy.contains('Login to your account');\n// Replace '#email' and '#password' with the actual selectors for each input field\ncy.get('[data-qa=\"login-email\"]').type('preaus@gmail.com');\ncy.get('[data-qa=\"login-password\"]').type('123456');\ncy.get('[data-qa=\"login-button\"]').click();\ncy.contains('Logged in as Preaus Sarkar').should('be.visible');\ncy.get('#header > div > div > div > div.col-sm-8 > div > ul > li:nth-child(4)').click();\n// Replace '#loginPage' with the actual selector or condition that verifies the user is on the login page\ncy.get('#form > div > div > div.col-sm-4.col-sm-offset-1 > div > h2').should('be.visible');",
              "err": {
                "message": "CypressError: Timed out after waiting `60000ms` for your remote page to load.\n\nYour page did not fire its `load` event within `60000ms`.\n\nYou can try increasing the `pageLoadTimeout` value in `cypress.config.js` to wait longer.\n\nBrowsers will not fire the `load` event until all stylesheets and scripts are done downloading.\n\nWhen this `load` event occurs, Cypress will continue running commands.",
                "estack": "CypressError: Timed out after waiting `60000ms` for your remote page to load.\n\nYour page did not fire its `load` event within `60000ms`.\n\nYou can try increasing the `pageLoadTimeout` value in `cypress.config.js` to wait longer.\n\nBrowsers will not fire the `load` event until all stylesheets and scripts are done downloading.\n\nWhen this `load` event occurs, Cypress will continue running commands.\n    at timedOutWaitingForPageLoad (https://automationexercise.com/__cypress/runner/cypress_runner.js:130511:64)\n    at <unknown> (https://automationexercise.com/__cypress/runner/cypress_runner.js:131497:16)\n    at tryCatcher (https://automationexercise.com/__cypress/runner/cypress_runner.js:1807:23)\n    at <unknown> (https://automationexercise.com/__cypress/runner/cypress_runner.js:4186:41)\n    at tryCatcher (https://automationexercise.com/__cypress/runner/cypress_runner.js:1807:23)\n    at Promise._settlePromiseFromHandler (https://automationexercise.com/__cypress/runner/cypress_runner.js:1519:31)\n    at Promise._settlePromise (https://automationexercise.com/__cypress/runner/cypress_runner.js:1576:18)\n    at Promise._settlePromise0 (https://automationexercise.com/__cypress/runner/cypress_runner.js:1621:10)\n    at Promise._settlePromises (https://automationexercise.com/__cypress/runner/cypress_runner.js:1697:18)\n    at _drainQueueStep (https://automationexercise.com/__cypress/runner/cypress_runner.js:2407:12)\n    at _drainQueue (https://automationexercise.com/__cypress/runner/cypress_runner.js:2400:9)\n    at Async._drainQueues (https://automationexercise.com/__cypress/runner/cypress_runner.js:2416:5)\n    at Async.drainQueues (https://automationexercise.com/__cypress/runner/cypress_runner.js:2286:14)\nFrom Your Spec Code:\n    at Context.eval (webpack:///./cypress/e2e/logout_user.cy.js:3:11)",
                "diff": null
              },
              "uuid": "b4327583-3233-4618-95ba-b3bbdcd3778a",
              "parentUUID": "3245e7d9-8e63-435c-a8d0-8f03d6fe7e01",
              "isHook": false,
              "skipped": false
            }
          ],
          "suites": [],
          "passes": [],
          "failures": [
            "b4327583-3233-4618-95ba-b3bbdcd3778a"
          ],
          "pending": [],
          "skipped": [],
          "duration": 60879,
          "root": false,
          "rootEmpty": false,
          "_timeout": 2000
        }
      ],
      "passes": [],
      "failures": [],
      "pending": [],
      "skipped": [],
      "duration": 0,
      "root": true,
      "rootEmpty": true,
      "_timeout": 2000
    }
  ],
  "meta": {
    "mocha": {
      "version": "7.0.1"
    },
    "mochawesome": {
      "options": {
        "quiet": false,
        "reportFilename": "mochawesome",
        "saveHtml": false,
        "saveJson": true,
        "consoleReporter": "spec",
        "useInlineDiffs": false,
        "code": true
      },
      "version": "7.1.3"
    },
    "marge": {
      "options": {
        "id": "default",
        "charts": true,
        "reportPageTitle": "custom-title",
        "reportDir": "cypress\\reports\\.jsons",
        "embeddedScreenshots": true,
        "inlineAssets": true,
        "saveAllAttempts": true,
        "overwrite": false,
        "html": false,
        "json": true
      },
      "version": "6.2.0"
    }
  }
}