{
  "stats": {
    "suites": 1,
    "tests": 1,
    "passes": 1,
    "pending": 0,
    "failures": 0,
    "start": "2024-07-15T12:45:34.189Z",
    "end": "2024-07-15T12:45:46.640Z",
    "duration": 12451,
    "testsRegistered": 1,
    "passPercent": 100,
    "pendingPercent": 0,
    "other": 0,
    "hasOther": false,
    "skipped": 0,
    "hasSkipped": false
  },
  "results": [
    {
      "uuid": "bd885a9f-83b9-4e8c-95c4-0d84e5ecc47c",
      "title": "",
      "fullFile": "cypress\\e2e\\verify_subscription.cy.js",
      "file": "cypress\\e2e\\verify_subscription.cy.js",
      "beforeHooks": [],
      "afterHooks": [],
      "tests": [],
      "suites": [
        {
          "uuid": "a7b66a3c-edb4-4734-863c-0e217455b231",
          "title": "Verify Subscription in home page",
          "fullFile": "",
          "file": "",
          "beforeHooks": [],
          "afterHooks": [],
          "tests": [
            {
              "title": "Verify Subscription in home page",
              "fullTitle": "Verify Subscription in home page Verify Subscription in home page",
              "timedOut": null,
              "duration": 6434,
              "state": "passed",
              "speed": "medium",
              "pass": true,
              "fail": false,
              "pending": false,
              "context": null,
              "code": "// Step 1: Launch browser\n// Cypress automatically launches the browser\n// Step 2: Navigate to url 'http://automationexercise.com'\ncy.visit('http://automationexercise.com');\n// Step 3: Verify that home page is visible successfully\ncy.url().should('include', 'automationexercise');\n// Step 4: Scroll down to footer\ncy.get('footer').scrollIntoView();\n// Step 5: Verify text 'SUBSCRIPTION'\ncy.get('footer').should('contain', 'Subscription');\n// Step 6: Enter email address in input and click arrow button\ncy.get('#susbscribe_email').type('testuser@example.com');\ncy.get('button[type=submit]').click();\n// Step 7: Verify success message 'You have been successfully subscribed!' is visible\ncy.get('.alert-success').should('contain', 'You have been successfully subscribed!');",
              "err": {},
              "uuid": "29668785-9207-409b-8347-7323a41a4bee",
              "parentUUID": "a7b66a3c-edb4-4734-863c-0e217455b231",
              "isHook": false,
              "skipped": false
            }
          ],
          "suites": [],
          "passes": [
            "29668785-9207-409b-8347-7323a41a4bee"
          ],
          "failures": [],
          "pending": [],
          "skipped": [],
          "duration": 6434,
          "root": false,
          "rootEmpty": false,
          "_timeout": 2000
        }
      ],
      "passes": [],
      "failures": [],
      "pending": [],
      "skipped": [],
      "duration": 0,
      "root": true,
      "rootEmpty": true,
      "_timeout": 2000
    }
  ],
  "meta": {
    "mocha": {
      "version": "7.0.1"
    },
    "mochawesome": {
      "options": {
        "quiet": false,
        "reportFilename": "mochawesome",
        "saveHtml": false,
        "saveJson": true,
        "consoleReporter": "spec",
        "useInlineDiffs": false,
        "code": true
      },
      "version": "7.1.3"
    },
    "marge": {
      "options": {
        "id": "default",
        "charts": true,
        "reportPageTitle": "custom-title",
        "reportDir": "cypress\\reports\\.jsons",
        "embeddedScreenshots": true,
        "inlineAssets": true,
        "saveAllAttempts": true,
        "overwrite": false,
        "html": false,
        "json": true
      },
      "version": "6.2.0"
    }
  }
}