{
  "stats": {
    "suites": 1,
    "tests": 1,
    "passes": 0,
    "pending": 0,
    "failures": 1,
    "start": "2024-07-29T15:08:55.136Z",
    "end": "2024-07-29T15:09:57.359Z",
    "duration": 62223,
    "testsRegistered": 1,
    "passPercent": 0,
    "pendingPercent": 0,
    "other": 0,
    "hasOther": false,
    "skipped": 0,
    "hasSkipped": false
  },
  "results": [
    {
      "uuid": "818e249c-2c7a-4df5-8cbe-2e495ae49a5d",
      "title": "",
      "fullFile": "cypress\\e2e\\add_product_cart.cy.js",
      "file": "cypress\\e2e\\add_product_cart.cy.js",
      "beforeHooks": [],
      "afterHooks": [],
      "tests": [],
      "suites": [
        {
          "uuid": "dc2aeb83-1a24-45a4-b77a-70cab14ea278",
          "title": "Test Case 12: Add Products in Cart",
          "fullFile": "",
          "file": "",
          "beforeHooks": [],
          "afterHooks": [],
          "tests": [
            {
              "title": "Add Products in Cart",
              "fullTitle": "Test Case 12: Add Products in Cart Add Products in Cart",
              "timedOut": null,
              "duration": 45331,
              "state": "failed",
              "speed": null,
              "pass": false,
              "fail": true,
              "pending": false,
              "context": "{\n  \"title\": \"cypress-mochawesome-reporter-screenshots\",\n  \"value\": [\n    [\n      \"\\\\add_product_cart.cy.js\\\\Test Case 12 Add Products in Cart -- Add Products in Cart (failed) (4).png\"\n    ]\n  ]\n}",
              "code": "// Step 1: Launch browser\n// Cypress automatically launches the browser\n// Step 2: Navigate to url 'http://automationexercise.com'\ncy.visit('http://automationexercise.com');\n// Step 3: Verify that home page is visible successfully\ncy.url().should('include', 'automationexercise');\n// Step 4: Click 'Products' button\ncy.get('#header > div > div > div > div.col-sm-8 > div > ul > li:nth-child(2) > a').click();\n// Step 5: Hover over first product and click 'Add to cart'\ncy.xpath('/html/body/section[2]/div/div/div[2]/div/div[2]/div/div[1]').trigger('mouseover').xpath('/html/body/section[2]/div/div/div[2]/div/div[2]/div/div[1]/div[1]/a').click();\n// Step 6: Click 'Continue Shopping' button\ncy.get('#cartModal > div > div > div.modal-footer > button').click();\n// Step 7: Hover over second product and click 'Add to cart'\ncy.xpath('/html/body/section[2]/div/div/div[2]/div/div[3]/div/div[1]').trigger('mouseover').xpath('/html/body/section[2]/div/div/div[2]/div/div[3]/div/div[1]/div[1]/a').click();\ncy.get('#cartModal > div > div > div.modal-footer > button').click();\n// Step 8: Click 'View Cart' button\ncy.get('#header > div > div > div > div.col-sm-8 > div > ul > li:nth-child(3) > a').click();\n// Step 9: Verify both products are added to Cart\ncy.get('#cart_info_table > tbody').find('.cart_product').should('have.length', 2);\n// Step 10: Verify their prices, quantity and total price\n// Assuming each product has a 'price' class and the total price has a 'total-price' class\ncy.get('tbody > tr').each($el => {\n  const price = parseFloat($el.find('.cart_price').text().replace(/[^0-9.-]+/g, \"\")) * 1000;\n  const quantity = parseInt($el.find('.cart_quantity').text());\n  const totalPrice = price * quantity;\n  // Find total price of each product and match is equal to price * quantity\n  const total = parseFloat($el.find('.cart_total_price').text().replace(/[^0-9.-]+/g, \"\")) * 1000;\n  expect(total).to.equal(totalPrice);\n});",
              "err": {
                "message": "CypressError: `cy.visit()` failed trying to load:\n\nhttp://automationexercise.com/\n\nWe attempted to make an http request to this URL but the request failed without a response.\n\nWe received this error at the network level:\n\n  > Error: ESOCKETTIMEDOUT\n\nCommon situations why this would fail:\n  - you don't have internet access\n  - you forgot to run / boot your web server\n  - your web server isn't accessible\n  - you have weird network configuration settings on your computer",
                "estack": "CypressError: `cy.visit()` failed trying to load:\n\nhttp://automationexercise.com/\n\nWe attempted to make an http request to this URL but the request failed without a response.\n\nWe received this error at the network level:\n\n  > Error: ESOCKETTIMEDOUT\n\nCommon situations why this would fail:\n  - you don't have internet access\n  - you forgot to run / boot your web server\n  - your web server isn't accessible\n  - you have weird network configuration settings on your computer\n    at <unknown> (https://automationexercise.com/__cypress/runner/cypress_runner.js:131480:74)\n    at visitFailedByErr (https://automationexercise.com/__cypress/runner/cypress_runner.js:130878:12)\n    at <unknown> (https://automationexercise.com/__cypress/runner/cypress_runner.js:131479:11)\n    at tryCatcher (https://automationexercise.com/__cypress/runner/cypress_runner.js:1807:23)\n    at Promise._settlePromiseFromHandler (https://automationexercise.com/__cypress/runner/cypress_runner.js:1519:31)\n    at Promise._settlePromise (https://automationexercise.com/__cypress/runner/cypress_runner.js:1576:18)\n    at Promise._settlePromise0 (https://automationexercise.com/__cypress/runner/cypress_runner.js:1621:10)\n    at Promise._settlePromises (https://automationexercise.com/__cypress/runner/cypress_runner.js:1697:18)\n    at _drainQueueStep (https://automationexercise.com/__cypress/runner/cypress_runner.js:2407:12)\n    at _drainQueue (https://automationexercise.com/__cypress/runner/cypress_runner.js:2400:9)\n    at Async._drainQueues (https://automationexercise.com/__cypress/runner/cypress_runner.js:2416:5)\n    at Async.drainQueues (https://automationexercise.com/__cypress/runner/cypress_runner.js:2286:14)\nFrom Your Spec Code:\n    at Context.eval (webpack:///./cypress/e2e/add_product_cart.cy.js:7:11)\n\nFrom Node.js Internals:\n  Error: ESOCKETTIMEDOUT\n      at ClientRequest.<anonymous> (<embedded>:2049:106060)\n      at Object.onceWrapper (node:events:628:28)\n      at ClientRequest.emit (node:events:514:28)\n      at TLSSocket.emitRequestTimeout (node:_http_client:847:9)\n      at Object.onceWrapper (node:events:628:28)\n      at TLSSocket.emit (node:events:526:35)\n      at TLSSocket._onTimeout (node:net:571:8)\n      at listOnTimeout (node:internal/timers:569:17)\n      at process.processTimers (node:internal/timers:512:7)",
                "diff": null
              },
              "uuid": "ea74fb71-ec68-4e1b-92ca-10b0ecfbf8a1",
              "parentUUID": "dc2aeb83-1a24-45a4-b77a-70cab14ea278",
              "isHook": false,
              "skipped": false
            }
          ],
          "suites": [],
          "passes": [],
          "failures": [
            "ea74fb71-ec68-4e1b-92ca-10b0ecfbf8a1"
          ],
          "pending": [],
          "skipped": [],
          "duration": 45331,
          "root": false,
          "rootEmpty": false,
          "_timeout": 2000
        }
      ],
      "passes": [],
      "failures": [],
      "pending": [],
      "skipped": [],
      "duration": 0,
      "root": true,
      "rootEmpty": true,
      "_timeout": 2000
    }
  ],
  "meta": {
    "mocha": {
      "version": "7.0.1"
    },
    "mochawesome": {
      "options": {
        "quiet": false,
        "reportFilename": "mochawesome",
        "saveHtml": false,
        "saveJson": true,
        "consoleReporter": "spec",
        "useInlineDiffs": false,
        "code": true
      },
      "version": "7.1.3"
    },
    "marge": {
      "options": {
        "id": "default",
        "charts": true,
        "reportPageTitle": "custom-title",
        "reportDir": "cypress\\reports\\.jsons",
        "embeddedScreenshots": true,
        "inlineAssets": true,
        "saveAllAttempts": true,
        "overwrite": false,
        "html": false,
        "json": true
      },
      "version": "6.2.0"
    }
  }
}