{
  "stats": {
    "suites": 1,
    "tests": 1,
    "passes": 1,
    "pending": 0,
    "failures": 0,
    "start": "2024-05-13T12:54:48.022Z",
    "end": "2024-05-13T12:55:37.630Z",
    "duration": 49608,
    "testsRegistered": 1,
    "passPercent": 100,
    "pendingPercent": 0,
    "other": 0,
    "hasOther": false,
    "skipped": 0,
    "hasSkipped": false
  },
  "results": [
    {
      "uuid": "aee8c566-871c-40f9-bba5-e158f49e7eff",
      "title": "",
      "fullFile": "cypress\\e2e\\contact_us.cy.js",
      "file": "cypress\\e2e\\contact_us.cy.js",
      "beforeHooks": [],
      "afterHooks": [],
      "tests": [],
      "suites": [
        {
          "uuid": "820eb69b-35f9-4888-ae39-203e1c60e2af",
          "title": "Contact Us Form",
          "fullFile": "",
          "file": "",
          "beforeHooks": [],
          "afterHooks": [],
          "tests": [
            {
              "title": "Contact Us Form validation checking....",
              "fullTitle": "Contact Us Form Contact Us Form validation checking....",
              "timedOut": null,
              "duration": 41155,
              "state": "passed",
              "speed": "slow",
              "pass": true,
              "fail": false,
              "pending": false,
              "context": null,
              "code": "// Step 1: Launch browser\n// Cypress automatically launches the browser\n// Step 2: Navigate to url 'http://automationexercise.com'\ncy.visit('http://automationexercise.com');\n// Step 3: Verify that home page is visible successfully\ncy.url().should('include', 'automationexercise');\n// Step 4: Click on 'Contact Us' button\ncy.contains('Contact us').click();\n// Step 5: Verify 'GET IN TOUCH' is visible\ncy.get('#contact-page > div.row > div.col-sm-8 > div > h2').should('contain', 'Get In Touch');\n// Step 6: Enter name, email, subject and message\ncy.get('[data-qa=\"name\"]').type('Test User');\ncy.get('[data-qa=\"email\"]').type('testuser@example.com');\ncy.get('[data-qa=\"subject\"]').type('Test Subject');\ncy.get('[data-qa=\"message\"]').type('Test Message');\n// Step 7: Upload file\nconst fileName = './reports/unittest.pdf';\ncy.get('input[type=file]').selectFile(fileName);\n// Step 8: Click 'Submit' button\ncy.get('[data-qa=\"submit-button\"]').click();\n// Step 9: Click OK button\ncy.on('window:confirm', () => true);\n// Step 10: Verify success message 'Success! Your details have been submitted successfully.' is visible\ncy.get('.status ').should('contain', 'Success! Your details have been submitted successfully.');\n// Step 11: Click 'Home' button and verify that landed to home page successfully\ncy.get('#form-section > a > span > i').click();\ncy.url().should('include', 'automationexercise');",
              "err": {},
              "uuid": "db78a534-661d-42aa-a9c9-f33814a70919",
              "parentUUID": "820eb69b-35f9-4888-ae39-203e1c60e2af",
              "isHook": false,
              "skipped": false
            }
          ],
          "suites": [],
          "passes": [
            "db78a534-661d-42aa-a9c9-f33814a70919"
          ],
          "failures": [],
          "pending": [],
          "skipped": [],
          "duration": 41155,
          "root": false,
          "rootEmpty": false,
          "_timeout": 2000
        }
      ],
      "passes": [],
      "failures": [],
      "pending": [],
      "skipped": [],
      "duration": 0,
      "root": true,
      "rootEmpty": true,
      "_timeout": 2000
    }
  ],
  "meta": {
    "mocha": {
      "version": "7.0.1"
    },
    "mochawesome": {
      "options": {
        "quiet": false,
        "reportFilename": "mochawesome",
        "saveHtml": false,
        "saveJson": true,
        "consoleReporter": "spec",
        "useInlineDiffs": false,
        "code": true
      },
      "version": "7.1.3"
    },
    "marge": {
      "options": {
        "id": "default",
        "charts": true,
        "reportPageTitle": "custom-title",
        "reportDir": "cypress\\reports\\.jsons",
        "embeddedScreenshots": true,
        "inlineAssets": true,
        "saveAllAttempts": true,
        "overwrite": false,
        "html": false,
        "json": true
      },
      "version": "6.2.0"
    }
  }
}