{
  "stats": {
    "suites": 1,
    "tests": 1,
    "passes": 0,
    "pending": 0,
    "failures": 1,
    "start": "2024-07-18T14:59:43.686Z",
    "end": "2024-07-18T14:59:44.640Z",
    "duration": 954,
    "testsRegistered": 1,
    "passPercent": 0,
    "pendingPercent": 0,
    "other": 0,
    "hasOther": false,
    "skipped": 0,
    "hasSkipped": false
  },
  "results": [
    {
      "uuid": "e5472025-b7ec-40b4-bd37-32d7508dcb2a",
      "title": "",
      "fullFile": "cypress\\e2e\\view_&_cart_brand_products.cy.js",
      "file": "cypress\\e2e\\view_&_cart_brand_products.cy.js",
      "beforeHooks": [],
      "afterHooks": [],
      "tests": [],
      "suites": [
        {
          "uuid": "255a971f-fe5b-4bb7-9cee-1d0f6359efa0",
          "title": "View & Cart Brand Products",
          "fullFile": "",
          "file": "",
          "beforeHooks": [],
          "afterHooks": [],
          "tests": [
            {
              "title": "Check brand products are visible or not",
              "fullTitle": "View & Cart Brand Products Check brand products are visible or not",
              "timedOut": null,
              "duration": 837,
              "state": "failed",
              "speed": null,
              "pass": false,
              "fail": true,
              "pending": false,
              "context": "{\n  \"title\": \"cypress-mochawesome-reporter-screenshots\",\n  \"value\": [\n    [\n      \"\\\\view_&_cart_brand_products.cy.js\\\\View & Cart Brand Products -- Check brand products are visible or not (failed) (1).png\"\n    ]\n  ]\n}",
              "code": "cy.visit('http://automationexercise.com');\n// Verify home page is visible\ncy.get('.logo a>img').should('be.visible');\n//click Products menu\ncy.contains('Products').click();\n// Verify product Brand page is displayed\ncy.contains('Brands').should('be.visible');\n// Click on 'Brand' category\ncy.get('a[href=\"/brand_products/Polo\"]').click();\n//Verify Brand title is visible\ncy.contains('Brand - Polo Products').should('be.visible');\n//Click on Dress\ncy.get('a[href=\"/brand_products/Mast & Harbour\"]').click();\n//Verify that Brand page is displayed and confirm\ncy.contains('Brand - Mast & Harbour Products').should('be.visible');",
              "err": {
                "message": "CypressError: `cy.visit()` failed trying to load:\n\nhttp://automationexercise.com/\n\nWe attempted to make an http request to this URL but the request failed without a response.\n\nWe received this error at the network level:\n\n  > Error: getaddrinfo ENOTFOUND automationexercise.com\n\nCommon situations why this would fail:\n  - you don't have internet access\n  - you forgot to run / boot your web server\n  - your web server isn't accessible\n  - you have weird network configuration settings on your computer",
                "estack": "CypressError: `cy.visit()` failed trying to load:\n\nhttp://automationexercise.com/\n\nWe attempted to make an http request to this URL but the request failed without a response.\n\nWe received this error at the network level:\n\n  > Error: getaddrinfo ENOTFOUND automationexercise.com\n\nCommon situations why this would fail:\n  - you don't have internet access\n  - you forgot to run / boot your web server\n  - your web server isn't accessible\n  - you have weird network configuration settings on your computer\n    at <unknown> (http://localhost:3964/__cypress/runner/cypress_runner.js:131480:74)\n    at visitFailedByErr (http://localhost:3964/__cypress/runner/cypress_runner.js:130878:12)\n    at <unknown> (http://localhost:3964/__cypress/runner/cypress_runner.js:131479:11)\n    at tryCatcher (http://localhost:3964/__cypress/runner/cypress_runner.js:1807:23)\n    at Promise._settlePromiseFromHandler (http://localhost:3964/__cypress/runner/cypress_runner.js:1519:31)\n    at Promise._settlePromise (http://localhost:3964/__cypress/runner/cypress_runner.js:1576:18)\n    at Promise._settlePromise0 (http://localhost:3964/__cypress/runner/cypress_runner.js:1621:10)\n    at Promise._settlePromises (http://localhost:3964/__cypress/runner/cypress_runner.js:1697:18)\n    at _drainQueueStep (http://localhost:3964/__cypress/runner/cypress_runner.js:2407:12)\n    at _drainQueue (http://localhost:3964/__cypress/runner/cypress_runner.js:2400:9)\n    at Async._drainQueues (http://localhost:3964/__cypress/runner/cypress_runner.js:2416:5)\n    at Async.drainQueues (http://localhost:3964/__cypress/runner/cypress_runner.js:2286:14)\nFrom Your Spec Code:\n    at Context.eval (webpack:///./cypress/e2e/view_&_cart_brand_products.cy.js:3:11)\n\nFrom Node.js Internals:\n  Error: getaddrinfo ENOTFOUND automationexercise.com\n      at GetAddrInfoReqWrap.onlookup [as oncomplete] (node:dns:108:26)",
                "diff": null
              },
              "uuid": "8aafd2bb-c097-493e-8a9c-f5d80df6f25d",
              "parentUUID": "255a971f-fe5b-4bb7-9cee-1d0f6359efa0",
              "isHook": false,
              "skipped": false
            }
          ],
          "suites": [],
          "passes": [],
          "failures": [
            "8aafd2bb-c097-493e-8a9c-f5d80df6f25d"
          ],
          "pending": [],
          "skipped": [],
          "duration": 837,
          "root": false,
          "rootEmpty": false,
          "_timeout": 2000
        }
      ],
      "passes": [],
      "failures": [],
      "pending": [],
      "skipped": [],
      "duration": 0,
      "root": true,
      "rootEmpty": true,
      "_timeout": 2000
    }
  ],
  "meta": {
    "mocha": {
      "version": "7.0.1"
    },
    "mochawesome": {
      "options": {
        "quiet": false,
        "reportFilename": "mochawesome",
        "saveHtml": false,
        "saveJson": true,
        "consoleReporter": "spec",
        "useInlineDiffs": false,
        "code": true
      },
      "version": "7.1.3"
    },
    "marge": {
      "options": {
        "id": "default",
        "charts": true,
        "reportPageTitle": "custom-title",
        "reportDir": "cypress\\reports\\.jsons",
        "embeddedScreenshots": true,
        "inlineAssets": true,
        "saveAllAttempts": true,
        "overwrite": false,
        "html": false,
        "json": true
      },
      "version": "6.2.0"
    }
  }
}