{
  "stats": {
    "suites": 1,
    "tests": 1,
    "passes": 0,
    "pending": 0,
    "failures": 1,
    "start": "2024-07-18T14:59:38.339Z",
    "end": "2024-07-18T14:59:39.575Z",
    "duration": 1236,
    "testsRegistered": 1,
    "passPercent": 0,
    "pendingPercent": 0,
    "other": 0,
    "hasOther": false,
    "skipped": 0,
    "hasSkipped": false
  },
  "results": [
    {
      "uuid": "39e5f7a3-a7ee-447b-9aa7-223e83eeaff5",
      "title": "",
      "fullFile": "cypress\\e2e\\verify_testCases_files.cy.js",
      "file": "cypress\\e2e\\verify_testCases_files.cy.js",
      "beforeHooks": [],
      "afterHooks": [],
      "tests": [],
      "suites": [
        {
          "uuid": "9a875ce3-79d6-4ca8-950d-0846d34606d0",
          "title": "Verify Test Cases Page",
          "fullFile": "",
          "file": "",
          "beforeHooks": [],
          "afterHooks": [],
          "tests": [
            {
              "title": "Verify Test Cases Page",
              "fullTitle": "Verify Test Cases Page Verify Test Cases Page",
              "timedOut": null,
              "duration": 1072,
              "state": "failed",
              "speed": null,
              "pass": false,
              "fail": true,
              "pending": false,
              "context": "{\n  \"title\": \"cypress-mochawesome-reporter-screenshots\",\n  \"value\": [\n    [\n      \"\\\\verify_testCases_files.cy.js\\\\Verify Test Cases Page -- Verify Test Cases Page (failed) (1).png\"\n    ]\n  ]\n}",
              "code": "// Step 1: Launch browser\n// Cypress automatically launches the browser\n// Step 2: Navigate to url 'http://automationexercise.com'\ncy.visit('http://automationexercise.com');\n// Step 3: Verify that home page is visible successfully\ncy.url().should('include', 'automationexercise');\n// Step 4: Click on 'Test Cases' button\ncy.contains('Test Cases').click();\ncy.get('#form > div > div.row > div > h2').should('contain', 'Test Cases');\n// Step 5: Verify user is navigated to test cases page successfully\ncy.url().should('include', 'test_cases');",
              "err": {
                "message": "CypressError: `cy.visit()` failed trying to load:\n\nhttp://automationexercise.com/\n\nWe attempted to make an http request to this URL but the request failed without a response.\n\nWe received this error at the network level:\n\n  > Error: getaddrinfo ENOTFOUND automationexercise.com\n\nCommon situations why this would fail:\n  - you don't have internet access\n  - you forgot to run / boot your web server\n  - your web server isn't accessible\n  - you have weird network configuration settings on your computer",
                "estack": "CypressError: `cy.visit()` failed trying to load:\n\nhttp://automationexercise.com/\n\nWe attempted to make an http request to this URL but the request failed without a response.\n\nWe received this error at the network level:\n\n  > Error: getaddrinfo ENOTFOUND automationexercise.com\n\nCommon situations why this would fail:\n  - you don't have internet access\n  - you forgot to run / boot your web server\n  - your web server isn't accessible\n  - you have weird network configuration settings on your computer\n    at <unknown> (http://localhost:3964/__cypress/runner/cypress_runner.js:131480:74)\n    at visitFailedByErr (http://localhost:3964/__cypress/runner/cypress_runner.js:130878:12)\n    at <unknown> (http://localhost:3964/__cypress/runner/cypress_runner.js:131479:11)\n    at tryCatcher (http://localhost:3964/__cypress/runner/cypress_runner.js:1807:23)\n    at Promise._settlePromiseFromHandler (http://localhost:3964/__cypress/runner/cypress_runner.js:1519:31)\n    at Promise._settlePromise (http://localhost:3964/__cypress/runner/cypress_runner.js:1576:18)\n    at Promise._settlePromise0 (http://localhost:3964/__cypress/runner/cypress_runner.js:1621:10)\n    at Promise._settlePromises (http://localhost:3964/__cypress/runner/cypress_runner.js:1697:18)\n    at _drainQueueStep (http://localhost:3964/__cypress/runner/cypress_runner.js:2407:12)\n    at _drainQueue (http://localhost:3964/__cypress/runner/cypress_runner.js:2400:9)\n    at Async._drainQueues (http://localhost:3964/__cypress/runner/cypress_runner.js:2416:5)\n    at Async.drainQueues (http://localhost:3964/__cypress/runner/cypress_runner.js:2286:14)\nFrom Your Spec Code:\n    at Context.eval (webpack:///./cypress/e2e/verify_testCases_files.cy.js:7:11)\n\nFrom Node.js Internals:\n  Error: getaddrinfo ENOTFOUND automationexercise.com\n      at GetAddrInfoReqWrap.onlookup [as oncomplete] (node:dns:108:26)",
                "diff": null
              },
              "uuid": "7ff927ca-da05-453f-8b30-137e2c1bf499",
              "parentUUID": "9a875ce3-79d6-4ca8-950d-0846d34606d0",
              "isHook": false,
              "skipped": false
            }
          ],
          "suites": [],
          "passes": [],
          "failures": [
            "7ff927ca-da05-453f-8b30-137e2c1bf499"
          ],
          "pending": [],
          "skipped": [],
          "duration": 1072,
          "root": false,
          "rootEmpty": false,
          "_timeout": 2000
        }
      ],
      "passes": [],
      "failures": [],
      "pending": [],
      "skipped": [],
      "duration": 0,
      "root": true,
      "rootEmpty": true,
      "_timeout": 2000
    }
  ],
  "meta": {
    "mocha": {
      "version": "7.0.1"
    },
    "mochawesome": {
      "options": {
        "quiet": false,
        "reportFilename": "mochawesome",
        "saveHtml": false,
        "saveJson": true,
        "consoleReporter": "spec",
        "useInlineDiffs": false,
        "code": true
      },
      "version": "7.1.3"
    },
    "marge": {
      "options": {
        "id": "default",
        "charts": true,
        "reportPageTitle": "custom-title",
        "reportDir": "cypress\\reports\\.jsons",
        "embeddedScreenshots": true,
        "inlineAssets": true,
        "saveAllAttempts": true,
        "overwrite": false,
        "html": false,
        "json": true
      },
      "version": "6.2.0"
    }
  }
}