{
  "stats": {
    "suites": 1,
    "tests": 1,
    "passes": 1,
    "pending": 0,
    "failures": 0,
    "start": "2024-07-15T12:45:52.581Z",
    "end": "2024-07-15T12:46:08.513Z",
    "duration": 15932,
    "testsRegistered": 1,
    "passPercent": 100,
    "pendingPercent": 0,
    "other": 0,
    "hasOther": false,
    "skipped": 0,
    "hasSkipped": false
  },
  "results": [
    {
      "uuid": "d63c1486-6033-44fa-8fb7-050854bcc951",
      "title": "",
      "fullFile": "cypress\\e2e\\verify_subscription_card_page.cy.js",
      "file": "cypress\\e2e\\verify_subscription_card_page.cy.js",
      "beforeHooks": [],
      "afterHooks": [],
      "tests": [],
      "suites": [
        {
          "uuid": "b382c28d-1727-40ef-a775-41d024b36b86",
          "title": "Verify Subscription in card page",
          "fullFile": "",
          "file": "",
          "beforeHooks": [],
          "afterHooks": [],
          "tests": [
            {
              "title": "Verify Subscription in card page",
              "fullTitle": "Verify Subscription in card page Verify Subscription in card page",
              "timedOut": null,
              "duration": 8410,
              "state": "passed",
              "speed": "medium",
              "pass": true,
              "fail": false,
              "pending": false,
              "context": null,
              "code": "// Step 1: Launch browser\n// Cypress automatically launches the browser\n// Step 2: Navigate to url 'http://automationexercise.com'\ncy.visit('http://automationexercise.com');\n// Step 3: Verify that home page is visible successfully\ncy.url().should('include', 'automationexercise');\n// Step 4: Click on 'Cart' button\ncy.get('#header > div > div > div > div.col-sm-8 > div > ul > li:nth-child(3) > a').click();\n// Step 5: Scroll down to footer\ncy.get('footer').scrollIntoView();\n// Step 6: Verify text 'SUBSCRIPTION'\ncy.get('footer').should('contain', 'Subscription');\n// Step 7: Enter email address in input and click arrow button\ncy.get('#susbscribe_email').type('testuser@example.com');\ncy.get('button[type=submit]').click();\n// Step 8: Verify success message 'You have been successfully subscribed!' is visible\ncy.get('.alert-success').should('contain', 'You have been successfully subscribed!');",
              "err": {},
              "uuid": "8b5aeb97-9618-4dc7-a20e-acd25a020822",
              "parentUUID": "b382c28d-1727-40ef-a775-41d024b36b86",
              "isHook": false,
              "skipped": false
            }
          ],
          "suites": [],
          "passes": [
            "8b5aeb97-9618-4dc7-a20e-acd25a020822"
          ],
          "failures": [],
          "pending": [],
          "skipped": [],
          "duration": 8410,
          "root": false,
          "rootEmpty": false,
          "_timeout": 2000
        }
      ],
      "passes": [],
      "failures": [],
      "pending": [],
      "skipped": [],
      "duration": 0,
      "root": true,
      "rootEmpty": true,
      "_timeout": 2000
    }
  ],
  "meta": {
    "mocha": {
      "version": "7.0.1"
    },
    "mochawesome": {
      "options": {
        "quiet": false,
        "reportFilename": "mochawesome",
        "saveHtml": false,
        "saveJson": true,
        "consoleReporter": "spec",
        "useInlineDiffs": false,
        "code": true
      },
      "version": "7.1.3"
    },
    "marge": {
      "options": {
        "id": "default",
        "charts": true,
        "reportPageTitle": "custom-title",
        "reportDir": "cypress\\reports\\.jsons",
        "embeddedScreenshots": true,
        "inlineAssets": true,
        "saveAllAttempts": true,
        "overwrite": false,
        "html": false,
        "json": true
      },
      "version": "6.2.0"
    }
  }
}