{
  "stats": {
    "suites": 1,
    "tests": 1,
    "passes": 1,
    "pending": 0,
    "failures": 0,
    "start": "2024-05-25T06:25:57.268Z",
    "end": "2024-05-25T06:26:16.641Z",
    "duration": 19373,
    "testsRegistered": 1,
    "passPercent": 100,
    "pendingPercent": 0,
    "other": 0,
    "hasOther": false,
    "skipped": 0,
    "hasSkipped": false
  },
  "results": [
    {
      "uuid": "98b74a85-1a6d-4084-bb5b-16c4b8d5e921",
      "title": "",
      "fullFile": "cypress\\e2e\\add_to_cart_from_recommended_items.cy.js",
      "file": "cypress\\e2e\\add_to_cart_from_recommended_items.cy.js",
      "beforeHooks": [],
      "afterHooks": [],
      "tests": [],
      "suites": [
        {
          "uuid": "80824fa5-23a0-4246-b821-26fa4cb5ef33",
          "title": "Add to cart from Recommended items",
          "fullFile": "",
          "file": "",
          "beforeHooks": [],
          "afterHooks": [],
          "tests": [
            {
              "title": "adds a recommended product to cart and verifies",
              "fullTitle": "Add to cart from Recommended items adds a recommended product to cart and verifies",
              "timedOut": null,
              "duration": 13950,
              "state": "passed",
              "speed": "slow",
              "pass": true,
              "fail": false,
              "pending": false,
              "context": null,
              "code": "cy.visit('http://automationexercise.com');\n// Scroll to bottom of page\ncy.scrollTo('bottom');\n// Verify 'RECOMMENDED ITEMS' are visible\ncy.contains('recommended items').should('be.visible');\n// Click on 'Add To Cart' on the first Recommended product (adjust selector if needed)\ncy.get('#recommended-item-carousel div > a').first().click({\n  force: true\n}); // Assuming \"Add To Cart\" is next to product title\ncy.wait(2000);\n// Click on 'Continue Shopping' button\ncy.get('#cartModal > div > div > div.modal-footer > button').click({\n  force: true\n});\ncy.wait(1000);\n// Click on 'View Cart' button\ncy.get('.nav a[href=\"/view_cart\"]').click();\n// Verify that product is displayed in cart page and display none\ncy.get('#cart_info_table').should('be.visible').and('not.have.css', 'display', 'none');",
              "err": {},
              "uuid": "748d7398-5067-4d44-b485-8f85da5ac4aa",
              "parentUUID": "80824fa5-23a0-4246-b821-26fa4cb5ef33",
              "isHook": false,
              "skipped": false
            }
          ],
          "suites": [],
          "passes": [
            "748d7398-5067-4d44-b485-8f85da5ac4aa"
          ],
          "failures": [],
          "pending": [],
          "skipped": [],
          "duration": 13950,
          "root": false,
          "rootEmpty": false,
          "_timeout": 2000
        }
      ],
      "passes": [],
      "failures": [],
      "pending": [],
      "skipped": [],
      "duration": 0,
      "root": true,
      "rootEmpty": true,
      "_timeout": 2000
    }
  ],
  "meta": {
    "mocha": {
      "version": "7.0.1"
    },
    "mochawesome": {
      "options": {
        "quiet": false,
        "reportFilename": "mochawesome",
        "saveHtml": false,
        "saveJson": true,
        "consoleReporter": "spec",
        "useInlineDiffs": false,
        "code": true
      },
      "version": "7.1.3"
    },
    "marge": {
      "options": {
        "id": "default",
        "charts": true,
        "reportPageTitle": "custom-title",
        "reportDir": "cypress\\reports\\.jsons",
        "embeddedScreenshots": true,
        "inlineAssets": true,
        "saveAllAttempts": true,
        "overwrite": false,
        "html": false,
        "json": true
      },
      "version": "6.2.0"
    }
  }
}