{
  "stats": {
    "suites": 1,
    "tests": 1,
    "passes": 0,
    "pending": 0,
    "failures": 1,
    "start": "2024-07-29T15:19:29.664Z",
    "end": "2024-07-29T15:20:09.798Z",
    "duration": 40134,
    "testsRegistered": 1,
    "passPercent": 0,
    "pendingPercent": 0,
    "other": 0,
    "hasOther": false,
    "skipped": 0,
    "hasSkipped": false
  },
  "results": [
    {
      "uuid": "b023ac9c-4507-4b7e-ad1c-b34da1701da1",
      "title": "",
      "fullFile": "cypress\\e2e\\place_order_login_before_checkout.cy.js",
      "file": "cypress\\e2e\\place_order_login_before_checkout.cy.js",
      "beforeHooks": [],
      "afterHooks": [],
      "tests": [],
      "suites": [
        {
          "uuid": "0e4789b6-776c-41de-aac3-af02f1359766",
          "title": "Place Order: Register Before Checkout",
          "fullFile": "",
          "file": "",
          "beforeHooks": [],
          "afterHooks": [],
          "tests": [
            {
              "title": "Register before cart adds products into the cart, and process shippment",
              "fullTitle": "Place Order: Register Before Checkout Register before cart adds products into the cart, and process shippment",
              "timedOut": null,
              "duration": 39552,
              "state": "failed",
              "speed": null,
              "pass": false,
              "fail": true,
              "pending": false,
              "context": "{\n  \"title\": \"cypress-mochawesome-reporter-screenshots\",\n  \"value\": [\n    [\n      \"\\\\place_order_login_before_checkout.cy.js\\\\Place Order Register Before Checkout -- Register before cart adds products into the cart, and process shippment -- before all hook Registration before login to the system and purchase product (failed) (8).png\"\n    ]\n  ]\n}",
              "code": "cy.visit('http://automationexercise.com');\n// Verify home page is visible\ncy.get('.logo a>img').should('be.visible');\n//click signup/login button\ncy.contains('Logout').click();\n// Fill up Login to your account\ncy.contains('Login to your account').should('be.visible');\n// Replace '#email' and '#password' with the actual selectors for each input field\ncy.get('[data-qa=\"login-email\"]').type('amir.swe@gmail.com');\ncy.get('[data-qa=\"login-password\"]').type('abubakkar90');\ncy.get('[data-qa=\"login-button\"]').click();\n// Verify ' Logged in as username' at top\ncy.contains('Logged in as').should('be.visible');\n// add product\ncy.get('.product-image-wrapper .choose > ul >li >a').first().click();\n// Verify product detail is opened\ncy.get('.product-information').should('be.visible');\n// Increase quantity to 4\ncy.get('#quantity').clear().type('4');\n// Click 'Add to cart' button\ncy.get('.cart').click();\n// confirm the product\ncy.get('#cartModal > div > div > div.modal-footer > button').click();\n// Click 'View Cart' button\ncy.get('li [href=\"/view_cart\"]').click();\n// Verify cart page is displayed\ncy.get('.cart_info').should('be.visible');\n// Click 'Proceed To Checkout' button again\ncy.contains('Proceed To Checkout').click();\n// Enter description in comment text area and click 'Place Order'\ncy.get('#ordermsg').type('Test order with registration');\ncy.contains('Place Order').click();\n// Click 'Pay and Confirm Order' button\ncy.get('[data-qa=\"name-on-card\"]').type('Amir Hossain');\ncy.get('[data-qa=\"card-number\"]').type('5655-1814-0058-1255');\ncy.get('[data-qa=\"cvc\"]').type('588');\ncy.get('[data-qa=\"expiry-month\"]').type('08/33');\ncy.get('[data-qa=\"expiry-year\"]').type('2033');\ncy.get('[data-qa = \"pay-button\"]').click();\n// Verify success message 'Your order has been placed successfully!'\ncy.contains('Congratulations! Your order has been confirmed!').should('be.visible');\n// Click 'Delete Account' button\ncy.get('#header > div > div > div > div.col-sm-8 > div > ul > li:nth-child(5) > a').click();\n// Verify 'ACCOUNT DELETED!' and click 'Continue' button\ncy.get('[data-qa=\"account-deleted\"]').contains('Account Deleted!');\ncy.get('[data-qa=\"continue-button\"]').click();",
              "err": {
                "message": "CypressError: `cy.visit()` failed trying to load:\n\nhttp://automationexercise.com/\n\nWe attempted to make an http request to this URL but the request failed without a response.\n\nWe received this error at the network level:\n\n  > Error: ESOCKETTIMEDOUT\n\nCommon situations why this would fail:\n  - you don't have internet access\n  - you forgot to run / boot your web server\n  - your web server isn't accessible\n  - you have weird network configuration settings on your computer\n\nBecause this error occurred during a `before all` hook we are skipping the remaining tests in the current suite: `Place Order: Register Befor...`",
                "estack": "CypressError: `cy.visit()` failed trying to load:\n\nhttp://automationexercise.com/\n\nWe attempted to make an http request to this URL but the request failed without a response.\n\nWe received this error at the network level:\n\n  > Error: ESOCKETTIMEDOUT\n\nCommon situations why this would fail:\n  - you don't have internet access\n  - you forgot to run / boot your web server\n  - your web server isn't accessible\n  - you have weird network configuration settings on your computer\n\nBecause this error occurred during a `before all` hook we are skipping the remaining tests in the current suite: `Place Order: Register Befor...`\n    at <unknown> (http://localhost:3347/__cypress/runner/cypress_runner.js:131480:74)\n    at visitFailedByErr (http://localhost:3347/__cypress/runner/cypress_runner.js:130878:12)\n    at <unknown> (http://localhost:3347/__cypress/runner/cypress_runner.js:131479:11)\n    at tryCatcher (http://localhost:3347/__cypress/runner/cypress_runner.js:1807:23)\n    at Promise._settlePromiseFromHandler (http://localhost:3347/__cypress/runner/cypress_runner.js:1519:31)\n    at Promise._settlePromise (http://localhost:3347/__cypress/runner/cypress_runner.js:1576:18)\n    at Promise._settlePromise0 (http://localhost:3347/__cypress/runner/cypress_runner.js:1621:10)\n    at Promise._settlePromises (http://localhost:3347/__cypress/runner/cypress_runner.js:1697:18)\n    at _drainQueueStep (http://localhost:3347/__cypress/runner/cypress_runner.js:2407:12)\n    at _drainQueue (http://localhost:3347/__cypress/runner/cypress_runner.js:2400:9)\n    at Async._drainQueues (http://localhost:3347/__cypress/runner/cypress_runner.js:2416:5)\n    at Async.drainQueues (http://localhost:3347/__cypress/runner/cypress_runner.js:2286:14)\nFrom Your Spec Code:\n    at Context.eval (webpack:///./cypress/e2e/place_order_login_before_checkout.cy.js:4:11)\n\nFrom Node.js Internals:\n  Error: ESOCKETTIMEDOUT\n      at ClientRequest.<anonymous> (<embedded>:2049:106060)\n      at Object.onceWrapper (node:events:628:28)\n      at ClientRequest.emit (node:events:514:28)\n      at TLSSocket.emitRequestTimeout (node:_http_client:847:9)\n      at Object.onceWrapper (node:events:628:28)\n      at TLSSocket.emit (node:events:526:35)\n      at TLSSocket._onTimeout (node:net:571:8)\n      at listOnTimeout (node:internal/timers:569:17)\n      at process.processTimers (node:internal/timers:512:7)",
                "diff": null
              },
              "uuid": "671c64e1-b216-4040-812b-73474c2ed527",
              "parentUUID": "0e4789b6-776c-41de-aac3-af02f1359766",
              "isHook": false,
              "skipped": false
            }
          ],
          "suites": [],
          "passes": [],
          "failures": [
            "671c64e1-b216-4040-812b-73474c2ed527"
          ],
          "pending": [],
          "skipped": [],
          "duration": 39552,
          "root": false,
          "rootEmpty": false,
          "_timeout": 2000
        }
      ],
      "passes": [],
      "failures": [],
      "pending": [],
      "skipped": [],
      "duration": 0,
      "root": true,
      "rootEmpty": true,
      "_timeout": 2000
    }
  ],
  "meta": {
    "mocha": {
      "version": "7.0.1"
    },
    "mochawesome": {
      "options": {
        "quiet": false,
        "reportFilename": "mochawesome",
        "saveHtml": false,
        "saveJson": true,
        "consoleReporter": "spec",
        "useInlineDiffs": false,
        "code": true
      },
      "version": "7.1.3"
    },
    "marge": {
      "options": {
        "id": "default",
        "charts": true,
        "reportPageTitle": "custom-title",
        "reportDir": "cypress\\reports\\.jsons",
        "embeddedScreenshots": true,
        "inlineAssets": true,
        "saveAllAttempts": true,
        "overwrite": false,
        "html": false,
        "json": true
      },
      "version": "6.2.0"
    }
  }
}