{
  "stats": {
    "suites": 1,
    "tests": 1,
    "passes": 1,
    "pending": 0,
    "failures": 0,
    "start": "2024-05-16T03:30:27.602Z",
    "end": "2024-05-16T03:30:29.581Z",
    "duration": 1979,
    "testsRegistered": 1,
    "passPercent": 100,
    "pendingPercent": 0,
    "other": 0,
    "hasOther": false,
    "skipped": 0,
    "hasSkipped": false
  },
  "results": [
    {
      "uuid": "17fbef2e-ed51-4d72-93f9-960dab0591f8",
      "title": "",
      "fullFile": "cypress\\e2e\\api\\get_user_account_detail_by_mail.cy.js",
      "file": "cypress\\e2e\\api\\get_user_account_detail_by_mail.cy.js",
      "beforeHooks": [],
      "afterHooks": [],
      "tests": [],
      "suites": [
        {
          "uuid": "dbac6f93-6b4d-46e4-8aca-230c47ff27a9",
          "title": "API Test: GET User Account Detail by Email",
          "fullFile": "",
          "file": "",
          "beforeHooks": [],
          "afterHooks": [],
          "tests": [
            {
              "title": "should return user account details",
              "fullTitle": "API Test: GET User Account Detail by Email should return user account details",
              "timedOut": null,
              "duration": 1786,
              "state": "passed",
              "speed": "fast",
              "pass": true,
              "fail": false,
              "pending": false,
              "context": null,
              "code": "// Define the email parameter\nconst email = 'preaus@gmail.com';\n// Send a GET request with the email parameter\ncy.request({\n  method: 'GET',\n  url: 'https://automationexercise.com/api/getUserDetailByEmail',\n  qs: {\n    email: email\n  }\n}).then(response => {\n  const data = JSON.parse(response.body);\n  // Assert the response status code\n  expect(response.status).to.eq(200);\n  // Assert the response body structure\n  expect(data).to.have.property('user').that.is.an('object');\n  // You can add more assertions here based on the structure of the response JSON\n  // Log the response body for inspection (optional)\n  cy.log(JSON.stringify(response.body));\n});",
              "err": {},
              "uuid": "e939128e-812b-4f76-859f-c44676697b35",
              "parentUUID": "dbac6f93-6b4d-46e4-8aca-230c47ff27a9",
              "isHook": false,
              "skipped": false
            }
          ],
          "suites": [],
          "passes": [
            "e939128e-812b-4f76-859f-c44676697b35"
          ],
          "failures": [],
          "pending": [],
          "skipped": [],
          "duration": 1786,
          "root": false,
          "rootEmpty": false,
          "_timeout": 2000
        }
      ],
      "passes": [],
      "failures": [],
      "pending": [],
      "skipped": [],
      "duration": 0,
      "root": true,
      "rootEmpty": true,
      "_timeout": 2000
    }
  ],
  "meta": {
    "mocha": {
      "version": "7.0.1"
    },
    "mochawesome": {
      "options": {
        "quiet": false,
        "reportFilename": "mochawesome",
        "saveHtml": false,
        "saveJson": true,
        "consoleReporter": "spec",
        "useInlineDiffs": false,
        "code": true
      },
      "version": "7.1.3"
    },
    "marge": {
      "options": {
        "id": "default",
        "charts": true,
        "reportPageTitle": "custom-title",
        "reportDir": "cypress\\reports\\.jsons",
        "embeddedScreenshots": true,
        "inlineAssets": true,
        "saveAllAttempts": true,
        "overwrite": false,
        "html": false,
        "json": true
      },
      "version": "6.2.0"
    }
  }
}