{
  "stats": {
    "suites": 1,
    "tests": 1,
    "passes": 1,
    "pending": 0,
    "failures": 0,
    "start": "2024-05-16T03:31:08.784Z",
    "end": "2024-05-16T03:31:10.413Z",
    "duration": 1629,
    "testsRegistered": 1,
    "passPercent": 100,
    "pendingPercent": 0,
    "other": 0,
    "hasOther": false,
    "skipped": 0,
    "hasSkipped": false
  },
  "results": [
    {
      "uuid": "88bb55af-d20d-4727-bff5-54c5f1daab2d",
      "title": "",
      "fullFile": "cypress\\e2e\\api\\put_to_all_brand_list.cy.js",
      "file": "cypress\\e2e\\api\\put_to_all_brand_list.cy.js",
      "beforeHooks": [],
      "afterHooks": [],
      "tests": [],
      "suites": [
        {
          "uuid": "ac3e1541-134e-4c5a-a481-a844c45b45a2",
          "title": "API Test: PUT To All Brands List",
          "fullFile": "",
          "file": "",
          "beforeHooks": [],
          "afterHooks": [],
          "tests": [
            {
              "title": "should return method not supported message",
              "fullTitle": "API Test: PUT To All Brands List should return method not supported message",
              "timedOut": null,
              "duration": 1556,
              "state": "passed",
              "speed": "fast",
              "pass": true,
              "fail": false,
              "pending": false,
              "context": null,
              "code": "cy.request({\n  method: 'PUT',\n  url: 'https://automationexercise.com/api/brandsList',\n  failOnStatusCode: false // Prevent Cypress from failing the test due to non-2xx response\n}).then(response => {\n  const data = JSON.parse(response.body);\n  // Assert the response status code\n  expect(data.responseCode).to.eq(405);\n  // Assert the response body message\n  expect(data).to.have.property('message', 'This request method is not supported.');\n});",
              "err": {},
              "uuid": "cb6a1a7a-1c87-46f2-bf74-f2c5c43cc842",
              "parentUUID": "ac3e1541-134e-4c5a-a481-a844c45b45a2",
              "isHook": false,
              "skipped": false
            }
          ],
          "suites": [],
          "passes": [
            "cb6a1a7a-1c87-46f2-bf74-f2c5c43cc842"
          ],
          "failures": [],
          "pending": [],
          "skipped": [],
          "duration": 1556,
          "root": false,
          "rootEmpty": false,
          "_timeout": 2000
        }
      ],
      "passes": [],
      "failures": [],
      "pending": [],
      "skipped": [],
      "duration": 0,
      "root": true,
      "rootEmpty": true,
      "_timeout": 2000
    }
  ],
  "meta": {
    "mocha": {
      "version": "7.0.1"
    },
    "mochawesome": {
      "options": {
        "quiet": false,
        "reportFilename": "mochawesome",
        "saveHtml": false,
        "saveJson": true,
        "consoleReporter": "spec",
        "useInlineDiffs": false,
        "code": true
      },
      "version": "7.1.3"
    },
    "marge": {
      "options": {
        "id": "default",
        "charts": true,
        "reportPageTitle": "custom-title",
        "reportDir": "cypress\\reports\\.jsons",
        "embeddedScreenshots": true,
        "inlineAssets": true,
        "saveAllAttempts": true,
        "overwrite": false,
        "html": false,
        "json": true
      },
      "version": "6.2.0"
    }
  }
}