{
  "stats": {
    "suites": 1,
    "tests": 1,
    "passes": 1,
    "pending": 0,
    "failures": 0,
    "start": "2024-07-15T12:41:14.088Z",
    "end": "2024-07-15T12:41:28.874Z",
    "duration": 14786,
    "testsRegistered": 1,
    "passPercent": 100,
    "pendingPercent": 0,
    "other": 0,
    "hasOther": false,
    "skipped": 0,
    "hasSkipped": false
  },
  "results": [
    {
      "uuid": "4087eb28-223f-42c8-8204-e67c8cd5f895",
      "title": "",
      "fullFile": "cypress\\e2e\\register_existing_email.cy.js",
      "file": "cypress\\e2e\\register_existing_email.cy.js",
      "beforeHooks": [],
      "afterHooks": [],
      "tests": [],
      "suites": [
        {
          "uuid": "fcd928fd-166c-499b-939b-76b9d531e715",
          "title": "Register User with existing email",
          "fullFile": "",
          "file": "",
          "beforeHooks": [],
          "afterHooks": [],
          "tests": [
            {
              "title": "Register User with existing email",
              "fullTitle": "Register User with existing email Register User with existing email",
              "timedOut": null,
              "duration": 8481,
              "state": "passed",
              "speed": "medium",
              "pass": true,
              "fail": false,
              "pending": false,
              "context": null,
              "code": "// Step 1: Launch browser\n// Cypress automatically launches the browser\n// Step 2: Navigate to url 'http://automationexercise.com'\ncy.visit('http://automationexercise.com');\n// Step 3: Verify that home page is visible successfully\ncy.url().should('include', 'automationexercise');\n// Step 4: Click on 'Signup / Login' button\ncy.contains('Signup / Login').click();\n// Step 5: Verify 'New User Signup!' is visible\ncy.get('#form > div > div > div:nth-child(3) > div > h2').should('contain', 'New User Signup!');\n// Step 6: Enter name and already registered email address\ncy.get('[data-qa=\"signup-name\"]').type('abubakkar');\ncy.get('[data-qa=\"signup-email\"]').type('abu@gmail.com');\n// Step 7: Click 'Signup' button\ncy.get('[data-qa=\"signup-button\"]').click();\n// Step 8: Verify error 'Email Address already exist!' is visible\ncy.get('#form > div > div > div:nth-child(3) > div > form > p').should('contain', 'Email Address already exist!');",
              "err": {},
              "uuid": "d1969087-c6df-43e9-8ddd-24ddd0874940",
              "parentUUID": "fcd928fd-166c-499b-939b-76b9d531e715",
              "isHook": false,
              "skipped": false
            }
          ],
          "suites": [],
          "passes": [
            "d1969087-c6df-43e9-8ddd-24ddd0874940"
          ],
          "failures": [],
          "pending": [],
          "skipped": [],
          "duration": 8481,
          "root": false,
          "rootEmpty": false,
          "_timeout": 2000
        }
      ],
      "passes": [],
      "failures": [],
      "pending": [],
      "skipped": [],
      "duration": 0,
      "root": true,
      "rootEmpty": true,
      "_timeout": 2000
    }
  ],
  "meta": {
    "mocha": {
      "version": "7.0.1"
    },
    "mochawesome": {
      "options": {
        "quiet": false,
        "reportFilename": "mochawesome",
        "saveHtml": false,
        "saveJson": true,
        "consoleReporter": "spec",
        "useInlineDiffs": false,
        "code": true
      },
      "version": "7.1.3"
    },
    "marge": {
      "options": {
        "id": "default",
        "charts": true,
        "reportPageTitle": "custom-title",
        "reportDir": "cypress\\reports\\.jsons",
        "embeddedScreenshots": true,
        "inlineAssets": true,
        "saveAllAttempts": true,
        "overwrite": false,
        "html": false,
        "json": true
      },
      "version": "6.2.0"
    }
  }
}