{
  "stats": {
    "suites": 1,
    "tests": 1,
    "passes": 1,
    "pending": 0,
    "failures": 0,
    "start": "2024-07-15T12:44:59.213Z",
    "end": "2024-07-15T12:45:11.862Z",
    "duration": 12649,
    "testsRegistered": 1,
    "passPercent": 100,
    "pendingPercent": 0,
    "other": 0,
    "hasOther": false,
    "skipped": 0,
    "hasSkipped": false
  },
  "results": [
    {
      "uuid": "3f152ffb-9326-41a3-af36-2a5ef13432d0",
      "title": "",
      "fullFile": "cypress\\e2e\\verify_scroll_up_and_down_functionality.cy.js",
      "file": "cypress\\e2e\\verify_scroll_up_and_down_functionality.cy.js",
      "beforeHooks": [],
      "afterHooks": [],
      "tests": [],
      "suites": [
        {
          "uuid": "ebae1f79-2101-4fdb-bca3-799810f9efd9",
          "title": "Verify Scroll Up and Down Functionality",
          "fullFile": "",
          "file": "",
          "beforeHooks": [],
          "afterHooks": [],
          "tests": [
            {
              "title": "should scroll down, verify \"SUBSCRIPTION\", scroll up, and verify homepage text",
              "fullTitle": "Verify Scroll Up and Down Functionality should scroll down, verify \"SUBSCRIPTION\", scroll up, and verify homepage text",
              "timedOut": null,
              "duration": 6143,
              "state": "passed",
              "speed": "medium",
              "pass": true,
              "fail": false,
              "pending": false,
              "context": null,
              "code": "cy.visit('http://automationexercise.com');\n// Verify home page is visible\ncy.get('#slider-carousel').should('be.visible');\n// Scroll down to the bottom of the page\ncy.scrollTo('bottom');\n// Verify 'SUBSCRIPTION' is visible (assuming it's near the bottom)\ncy.get('.single-widget').should('be.visible');\n// Click on the 'up arrow' button (assuming there's a specific element)\ncy.get('#scrollUp').click(); // Replace with actual selector\n// Verify scrolled up and homepage text is visible\ncy.get('#slider-carousel').should('contain', 'Full-Fledged practice website for Automation Engineers');",
              "err": {},
              "uuid": "9f0351bb-73b3-4356-ba7b-6369e2762d5e",
              "parentUUID": "ebae1f79-2101-4fdb-bca3-799810f9efd9",
              "isHook": false,
              "skipped": false
            }
          ],
          "suites": [],
          "passes": [
            "9f0351bb-73b3-4356-ba7b-6369e2762d5e"
          ],
          "failures": [],
          "pending": [],
          "skipped": [],
          "duration": 6143,
          "root": false,
          "rootEmpty": false,
          "_timeout": 2000
        }
      ],
      "passes": [],
      "failures": [],
      "pending": [],
      "skipped": [],
      "duration": 0,
      "root": true,
      "rootEmpty": true,
      "_timeout": 2000
    }
  ],
  "meta": {
    "mocha": {
      "version": "7.0.1"
    },
    "mochawesome": {
      "options": {
        "quiet": false,
        "reportFilename": "mochawesome",
        "saveHtml": false,
        "saveJson": true,
        "consoleReporter": "spec",
        "useInlineDiffs": false,
        "code": true
      },
      "version": "7.1.3"
    },
    "marge": {
      "options": {
        "id": "default",
        "charts": true,
        "reportPageTitle": "custom-title",
        "reportDir": "cypress\\reports\\.jsons",
        "embeddedScreenshots": true,
        "inlineAssets": true,
        "saveAllAttempts": true,
        "overwrite": false,
        "html": false,
        "json": true
      },
      "version": "6.2.0"
    }
  }
}