{
  "stats": {
    "suites": 1,
    "tests": 1,
    "passes": 0,
    "pending": 0,
    "failures": 1,
    "start": "2024-07-29T15:10:02.119Z",
    "end": "2024-07-29T15:11:11.828Z",
    "duration": 69709,
    "testsRegistered": 1,
    "passPercent": 0,
    "pendingPercent": 0,
    "other": 0,
    "hasOther": false,
    "skipped": 0,
    "hasSkipped": false
  },
  "results": [
    {
      "uuid": "1a1af76b-35ee-4383-84e4-4ee4c0b29e1d",
      "title": "",
      "fullFile": "cypress\\e2e\\add_review_on_product.cy.js",
      "file": "cypress\\e2e\\add_review_on_product.cy.js",
      "beforeHooks": [],
      "afterHooks": [],
      "tests": [],
      "suites": [
        {
          "uuid": "da08ec66-fe1f-4f10-a759-65b3deaa95c4",
          "title": "Add review on product",
          "fullFile": "",
          "file": "",
          "beforeHooks": [],
          "afterHooks": [],
          "tests": [
            {
              "title": "adds a review and verifies success message",
              "fullTitle": "Add review on product adds a review and verifies success message",
              "timedOut": null,
              "duration": 60845,
              "state": "failed",
              "speed": null,
              "pass": false,
              "fail": true,
              "pending": false,
              "context": "{\n  \"title\": \"cypress-mochawesome-reporter-screenshots\",\n  \"value\": [\n    [\n      \"\\\\add_review_on_product.cy.js\\\\Add review on product -- adds a review and verifies success message -- before all hook Login into the system (failed) (3).png\"\n    ]\n  ]\n}",
              "code": "cy.visit('http://automationexercise.com');\n// Click on 'Products' button\ncy.get('a[href=\"/products\"]').click();\n// Verify user is navigated to ALL PRODUCTS page\ncy.contains('All Products').should('be.visible');\n// Select a product (replace with logic to choose a product)\n// ... your logic to select a product ...\n// Click on 'View Product' button\ncy.get('a[href=\"/product_details/1\"]').click(); // Assuming the first product\n// Verify 'Write Your Review' is visible\ncy.contains('Write Your Review').should('be.visible');\n// Enter name, email and review\nconst reviewerName = 'Test User';\nconst reviewerEmail = 'test.user@example.com';\nconst reviewText = 'This is a great product!';\ncy.get('#name').type(reviewerName);\ncy.get('#email').type(reviewerEmail);\ncy.get('#button-review').type(reviewText);\n// Verify success message 'Thank you for your review.'\ncy.get('#review-section div > span').should('contain', 'Thank you for your review.');",
              "err": {
                "message": "CypressError: Timed out after waiting `60000ms` for your remote page to load.\n\nYour page did not fire its `load` event within `60000ms`.\n\nYou can try increasing the `pageLoadTimeout` value in `cypress.config.js` to wait longer.\n\nBrowsers will not fire the `load` event until all stylesheets and scripts are done downloading.\n\nWhen this `load` event occurs, Cypress will continue running commands.\n\nBecause this error occurred during a `before all` hook we are skipping the remaining tests in the current suite: `Add review on product`",
                "estack": "CypressError: Timed out after waiting `60000ms` for your remote page to load.\n\nYour page did not fire its `load` event within `60000ms`.\n\nYou can try increasing the `pageLoadTimeout` value in `cypress.config.js` to wait longer.\n\nBrowsers will not fire the `load` event until all stylesheets and scripts are done downloading.\n\nWhen this `load` event occurs, Cypress will continue running commands.\n\nBecause this error occurred during a `before all` hook we are skipping the remaining tests in the current suite: `Add review on product`\n    at timedOutWaitingForPageLoad (https://automationexercise.com/__cypress/runner/cypress_runner.js:130511:64)\n    at <unknown> (https://automationexercise.com/__cypress/runner/cypress_runner.js:131497:16)\n    at tryCatcher (https://automationexercise.com/__cypress/runner/cypress_runner.js:1807:23)\n    at <unknown> (https://automationexercise.com/__cypress/runner/cypress_runner.js:4186:41)\n    at tryCatcher (https://automationexercise.com/__cypress/runner/cypress_runner.js:1807:23)\n    at Promise._settlePromiseFromHandler (https://automationexercise.com/__cypress/runner/cypress_runner.js:1519:31)\n    at Promise._settlePromise (https://automationexercise.com/__cypress/runner/cypress_runner.js:1576:18)\n    at Promise._settlePromise0 (https://automationexercise.com/__cypress/runner/cypress_runner.js:1621:10)\n    at Promise._settlePromises (https://automationexercise.com/__cypress/runner/cypress_runner.js:1697:18)\n    at _drainQueueStep (https://automationexercise.com/__cypress/runner/cypress_runner.js:2407:12)\n    at _drainQueue (https://automationexercise.com/__cypress/runner/cypress_runner.js:2400:9)\n    at Async._drainQueues (https://automationexercise.com/__cypress/runner/cypress_runner.js:2416:5)\n    at Async.drainQueues (https://automationexercise.com/__cypress/runner/cypress_runner.js:2286:14)\nFrom Your Spec Code:\n    at Context.eval (webpack:///./cypress/e2e/add_review_on_product.cy.js:3:11)",
                "diff": null
              },
              "uuid": "e404d9c0-e3ac-44a8-84fd-1820cc5bf2df",
              "parentUUID": "da08ec66-fe1f-4f10-a759-65b3deaa95c4",
              "isHook": false,
              "skipped": false
            }
          ],
          "suites": [],
          "passes": [],
          "failures": [
            "e404d9c0-e3ac-44a8-84fd-1820cc5bf2df"
          ],
          "pending": [],
          "skipped": [],
          "duration": 60845,
          "root": false,
          "rootEmpty": false,
          "_timeout": 2000
        }
      ],
      "passes": [],
      "failures": [],
      "pending": [],
      "skipped": [],
      "duration": 0,
      "root": true,
      "rootEmpty": true,
      "_timeout": 2000
    }
  ],
  "meta": {
    "mocha": {
      "version": "7.0.1"
    },
    "mochawesome": {
      "options": {
        "quiet": false,
        "reportFilename": "mochawesome",
        "saveHtml": false,
        "saveJson": true,
        "consoleReporter": "spec",
        "useInlineDiffs": false,
        "code": true
      },
      "version": "7.1.3"
    },
    "marge": {
      "options": {
        "id": "default",
        "charts": true,
        "reportPageTitle": "custom-title",
        "reportDir": "cypress\\reports\\.jsons",
        "embeddedScreenshots": true,
        "inlineAssets": true,
        "saveAllAttempts": true,
        "overwrite": false,
        "html": false,
        "json": true
      },
      "version": "6.2.0"
    }
  }
}