{
  "stats": {
    "suites": 1,
    "tests": 1,
    "passes": 1,
    "pending": 0,
    "failures": 0,
    "start": "2024-07-15T12:46:14.230Z",
    "end": "2024-07-15T12:46:29.081Z",
    "duration": 14851,
    "testsRegistered": 1,
    "passPercent": 100,
    "pendingPercent": 0,
    "other": 0,
    "hasOther": false,
    "skipped": 0,
    "hasSkipped": false
  },
  "results": [
    {
      "uuid": "a54438d5-e571-40e3-b94f-16fff1df3864",
      "title": "",
      "fullFile": "cypress\\e2e\\verify_testCases_files.cy.js",
      "file": "cypress\\e2e\\verify_testCases_files.cy.js",
      "beforeHooks": [],
      "afterHooks": [],
      "tests": [],
      "suites": [
        {
          "uuid": "d180636d-4fa9-46e4-8696-b8b0c29af07a",
          "title": "Verify Test Cases Page",
          "fullFile": "",
          "file": "",
          "beforeHooks": [],
          "afterHooks": [],
          "tests": [
            {
              "title": "Verify Test Cases Page",
              "fullTitle": "Verify Test Cases Page Verify Test Cases Page",
              "timedOut": null,
              "duration": 7778,
              "state": "passed",
              "speed": "medium",
              "pass": true,
              "fail": false,
              "pending": false,
              "context": null,
              "code": "// Step 1: Launch browser\n// Cypress automatically launches the browser\n// Step 2: Navigate to url 'http://automationexercise.com'\ncy.visit('http://automationexercise.com');\n// Step 3: Verify that home page is visible successfully\ncy.url().should('include', 'automationexercise');\n// Step 4: Click on 'Test Cases' button\ncy.contains('Test Cases').click();\ncy.get('#form > div > div.row > div > h2').should('contain', 'Test Cases');\n// Step 5: Verify user is navigated to test cases page successfully\ncy.url().should('include', 'test_cases');",
              "err": {},
              "uuid": "8fec5a9c-6cb9-428b-b8c2-a877b1c8b076",
              "parentUUID": "d180636d-4fa9-46e4-8696-b8b0c29af07a",
              "isHook": false,
              "skipped": false
            }
          ],
          "suites": [],
          "passes": [
            "8fec5a9c-6cb9-428b-b8c2-a877b1c8b076"
          ],
          "failures": [],
          "pending": [],
          "skipped": [],
          "duration": 7778,
          "root": false,
          "rootEmpty": false,
          "_timeout": 2000
        }
      ],
      "passes": [],
      "failures": [],
      "pending": [],
      "skipped": [],
      "duration": 0,
      "root": true,
      "rootEmpty": true,
      "_timeout": 2000
    }
  ],
  "meta": {
    "mocha": {
      "version": "7.0.1"
    },
    "mochawesome": {
      "options": {
        "quiet": false,
        "reportFilename": "mochawesome",
        "saveHtml": false,
        "saveJson": true,
        "consoleReporter": "spec",
        "useInlineDiffs": false,
        "code": true
      },
      "version": "7.1.3"
    },
    "marge": {
      "options": {
        "id": "default",
        "charts": true,
        "reportPageTitle": "custom-title",
        "reportDir": "cypress\\reports\\.jsons",
        "embeddedScreenshots": true,
        "inlineAssets": true,
        "saveAllAttempts": true,
        "overwrite": false,
        "html": false,
        "json": true
      },
      "version": "6.2.0"
    }
  }
}