{
  "stats": {
    "suites": 1,
    "tests": 1,
    "passes": 0,
    "pending": 0,
    "failures": 1,
    "start": "2024-07-29T15:15:08.832Z",
    "end": "2024-07-29T15:16:23.142Z",
    "duration": 74310,
    "testsRegistered": 1,
    "passPercent": 0,
    "pendingPercent": 0,
    "other": 0,
    "hasOther": false,
    "skipped": 0,
    "hasSkipped": false
  },
  "results": [
    {
      "uuid": "f07ed19a-4117-4957-9c81-8d5d457cf00b",
      "title": "",
      "fullFile": "cypress\\e2e\\invalid_login.cy.js",
      "file": "cypress\\e2e\\invalid_login.cy.js",
      "beforeHooks": [],
      "afterHooks": [],
      "tests": [],
      "suites": [
        {
          "uuid": "813a5458-0e55-4711-94d9-c9c8c3ed052a",
          "title": "Login User",
          "fullFile": "",
          "file": "",
          "beforeHooks": [],
          "afterHooks": [],
          "tests": [
            {
              "title": "should fail to login with incorrect email and password",
              "fullTitle": "Login User should fail to login with incorrect email and password",
              "timedOut": null,
              "duration": 60790,
              "state": "failed",
              "speed": null,
              "pass": false,
              "fail": true,
              "pending": false,
              "context": "{\n  \"title\": \"cypress-mochawesome-reporter-screenshots\",\n  \"value\": [\n    [\n      \"\\\\invalid_login.cy.js\\\\Login User -- should fail to login with incorrect email and password (failed) (3).png\"\n    ]\n  ]\n}",
              "code": "cy.visit('http://automationexercise.com');\ncy.contains('Signup / Login').click();\ncy.contains('Login to your account');\n// Replace '#email' and '#password' with the actual selectors for each input field\ncy.get('[data-qa=\"login-email\"]').type('incorrect@example.com');\ncy.get('[data-qa=\"login-password\"]').type('incorrectpassword');\ncy.get('[data-qa=\"login-button\"]').click();\ncy.contains('Your email or password is incorrect!').should('be.visible');",
              "err": {
                "message": "CypressError: Timed out after waiting `60000ms` for your remote page to load.\n\nYour page did not fire its `load` event within `60000ms`.\n\nYou can try increasing the `pageLoadTimeout` value in `cypress.config.js` to wait longer.\n\nBrowsers will not fire the `load` event until all stylesheets and scripts are done downloading.\n\nWhen this `load` event occurs, Cypress will continue running commands.",
                "estack": "CypressError: Timed out after waiting `60000ms` for your remote page to load.\n\nYour page did not fire its `load` event within `60000ms`.\n\nYou can try increasing the `pageLoadTimeout` value in `cypress.config.js` to wait longer.\n\nBrowsers will not fire the `load` event until all stylesheets and scripts are done downloading.\n\nWhen this `load` event occurs, Cypress will continue running commands.\n    at timedOutWaitingForPageLoad (https://automationexercise.com/__cypress/runner/cypress_runner.js:130511:64)\n    at <unknown> (https://automationexercise.com/__cypress/runner/cypress_runner.js:131497:16)\n    at tryCatcher (https://automationexercise.com/__cypress/runner/cypress_runner.js:1807:23)\n    at <unknown> (https://automationexercise.com/__cypress/runner/cypress_runner.js:4186:41)\n    at tryCatcher (https://automationexercise.com/__cypress/runner/cypress_runner.js:1807:23)\n    at Promise._settlePromiseFromHandler (https://automationexercise.com/__cypress/runner/cypress_runner.js:1519:31)\n    at Promise._settlePromise (https://automationexercise.com/__cypress/runner/cypress_runner.js:1576:18)\n    at Promise._settlePromise0 (https://automationexercise.com/__cypress/runner/cypress_runner.js:1621:10)\n    at Promise._settlePromises (https://automationexercise.com/__cypress/runner/cypress_runner.js:1697:18)\n    at _drainQueueStep (https://automationexercise.com/__cypress/runner/cypress_runner.js:2407:12)\n    at _drainQueue (https://automationexercise.com/__cypress/runner/cypress_runner.js:2400:9)\n    at Async._drainQueues (https://automationexercise.com/__cypress/runner/cypress_runner.js:2416:5)\n    at Async.drainQueues (https://automationexercise.com/__cypress/runner/cypress_runner.js:2286:14)\nFrom Your Spec Code:\n    at Context.eval (webpack:///./cypress/e2e/invalid_login.cy.js:3:11)",
                "diff": null
              },
              "uuid": "0c2f0916-4bf2-4cf2-a6d9-7f673c36ab80",
              "parentUUID": "813a5458-0e55-4711-94d9-c9c8c3ed052a",
              "isHook": false,
              "skipped": false
            }
          ],
          "suites": [],
          "passes": [],
          "failures": [
            "0c2f0916-4bf2-4cf2-a6d9-7f673c36ab80"
          ],
          "pending": [],
          "skipped": [],
          "duration": 60790,
          "root": false,
          "rootEmpty": false,
          "_timeout": 2000
        }
      ],
      "passes": [],
      "failures": [],
      "pending": [],
      "skipped": [],
      "duration": 0,
      "root": true,
      "rootEmpty": true,
      "_timeout": 2000
    }
  ],
  "meta": {
    "mocha": {
      "version": "7.0.1"
    },
    "mochawesome": {
      "options": {
        "quiet": false,
        "reportFilename": "mochawesome",
        "saveHtml": false,
        "saveJson": true,
        "consoleReporter": "spec",
        "useInlineDiffs": false,
        "code": true
      },
      "version": "7.1.3"
    },
    "marge": {
      "options": {
        "id": "default",
        "charts": true,
        "reportPageTitle": "custom-title",
        "reportDir": "cypress\\reports\\.jsons",
        "embeddedScreenshots": true,
        "inlineAssets": true,
        "saveAllAttempts": true,
        "overwrite": false,
        "html": false,
        "json": true
      },
      "version": "6.2.0"
    }
  }
}