{
  "stats": {
    "suites": 1,
    "tests": 1,
    "passes": 1,
    "pending": 0,
    "failures": 0,
    "start": "2024-07-15T12:44:34.737Z",
    "end": "2024-07-15T12:44:53.972Z",
    "duration": 19235,
    "testsRegistered": 1,
    "passPercent": 100,
    "pendingPercent": 0,
    "other": 0,
    "hasOther": false,
    "skipped": 0,
    "hasSkipped": false
  },
  "results": [
    {
      "uuid": "15bcc6d0-c7ef-4218-93ba-fc9db96c8d0f",
      "title": "",
      "fullFile": "cypress\\e2e\\verify_products.cy.js",
      "file": "cypress\\e2e\\verify_products.cy.js",
      "beforeHooks": [],
      "afterHooks": [],
      "tests": [],
      "suites": [
        {
          "uuid": "da171c4c-248f-4523-9471-42ab2110a721",
          "title": "Test Case 8: Verify All Products and product detail page",
          "fullFile": "",
          "file": "",
          "beforeHooks": [],
          "afterHooks": [],
          "tests": [
            {
              "title": "Verify All Products and product detail page",
              "fullTitle": "Test Case 8: Verify All Products and product detail page Verify All Products and product detail page",
              "timedOut": null,
              "duration": 11568,
              "state": "passed",
              "speed": "slow",
              "pass": true,
              "fail": false,
              "pending": false,
              "context": null,
              "code": "// Step 1: Launch browser\n// Cypress automatically launches the browser\n// Step 2: Navigate to url 'http://automationexercise.com'\ncy.visit('http://automationexercise.com');\n// Step 3: Verify that home page is visible successfully\ncy.url().should('include', 'automationexercise');\n// Step 4: Click on 'Products' button\ncy.get('#header > div > div > div > div.col-sm-8 > div > ul > li:nth-child(2) > a').click();\n// Step 5: Verify user is navigated to ALL PRODUCTS page successfully\ncy.url().should('include', 'products');\n// Step 6: The products list is visible\ncy.contains('All Products').should('be.visible');\n// Step 7: Click on 'View Product' of first product\ncy.get('.product-image-wrapper .choose > ul >li >a').first().click();\n// Step 8: User is landed to product detail page\ncy.url().should('include', 'product_details');\n// Step 9: Verify that detail detail is visible: product name, category, price, availability, condition, brand\ncy.get('body > section > div > div > div.col-sm-9.padding-right > div.product-details > div.col-sm-7 > div > h2').contains('Blue Top').should('be.visible');\ncy.get('body > section > div > div > div.col-sm-9.padding-right > div.product-details > div.col-sm-7 > div > p:nth-child(3)').contains('Category: Women > Tops').should('be.visible');\ncy.get('body > section > div > div > div.col-sm-9.padding-right > div.product-details > div.col-sm-7 > div > span > span').contains(\"Rs. 500\").should('be.visible');\ncy.get('body > section > div > div > div.col-sm-9.padding-right > div.product-details > div.col-sm-7 > div > p:nth-child(6)').contains('In Stock').should('be.visible');\ncy.get('body > section > div > div > div.col-sm-9.padding-right > div.product-details > div.col-sm-7 > div > p:nth-child(7)').contains('New').should('be.visible');\ncy.get('body > section > div > div > div.col-sm-9.padding-right > div.product-details > div.col-sm-7 > div > p:nth-child(8)').contains('Polo').should('be.visible');",
              "err": {},
              "uuid": "805783d2-d70a-49af-b3e9-075c3d226362",
              "parentUUID": "da171c4c-248f-4523-9471-42ab2110a721",
              "isHook": false,
              "skipped": false
            }
          ],
          "suites": [],
          "passes": [
            "805783d2-d70a-49af-b3e9-075c3d226362"
          ],
          "failures": [],
          "pending": [],
          "skipped": [],
          "duration": 11568,
          "root": false,
          "rootEmpty": false,
          "_timeout": 2000
        }
      ],
      "passes": [],
      "failures": [],
      "pending": [],
      "skipped": [],
      "duration": 0,
      "root": true,
      "rootEmpty": true,
      "_timeout": 2000
    }
  ],
  "meta": {
    "mocha": {
      "version": "7.0.1"
    },
    "mochawesome": {
      "options": {
        "quiet": false,
        "reportFilename": "mochawesome",
        "saveHtml": false,
        "saveJson": true,
        "consoleReporter": "spec",
        "useInlineDiffs": false,
        "code": true
      },
      "version": "7.1.3"
    },
    "marge": {
      "options": {
        "id": "default",
        "charts": true,
        "reportPageTitle": "custom-title",
        "reportDir": "cypress\\reports\\.jsons",
        "embeddedScreenshots": true,
        "inlineAssets": true,
        "saveAllAttempts": true,
        "overwrite": false,
        "html": false,
        "json": true
      },
      "version": "6.2.0"
    }
  }
}