{
  "stats": {
    "suites": 1,
    "tests": 1,
    "passes": 1,
    "pending": 0,
    "failures": 0,
    "start": "2024-07-15T12:46:35.850Z",
    "end": "2024-07-15T12:47:00.675Z",
    "duration": 24825,
    "testsRegistered": 1,
    "passPercent": 100,
    "pendingPercent": 0,
    "other": 0,
    "hasOther": false,
    "skipped": 0,
    "hasSkipped": false
  },
  "results": [
    {
      "uuid": "29971b15-a0bb-40ca-bfbb-e3f9061e889f",
      "title": "",
      "fullFile": "cypress\\e2e\\view_&_cart_brand_products.cy.js",
      "file": "cypress\\e2e\\view_&_cart_brand_products.cy.js",
      "beforeHooks": [],
      "afterHooks": [],
      "tests": [],
      "suites": [
        {
          "uuid": "02f16b22-7d2c-4559-a5ea-eceffadc116f",
          "title": "View & Cart Brand Products",
          "fullFile": "",
          "file": "",
          "beforeHooks": [],
          "afterHooks": [],
          "tests": [
            {
              "title": "Check brand products are visible or not",
              "fullTitle": "View & Cart Brand Products Check brand products are visible or not",
              "timedOut": null,
              "duration": 17012,
              "state": "passed",
              "speed": "slow",
              "pass": true,
              "fail": false,
              "pending": false,
              "context": null,
              "code": "cy.visit('http://automationexercise.com');\n// Verify home page is visible\ncy.get('.logo a>img').should('be.visible');\n//click Products menu\ncy.contains('Products').click();\n// Verify product Brand page is displayed\ncy.contains('Brands').should('be.visible');\n// Click on 'Brand' category\ncy.get('a[href=\"/brand_products/Polo\"]').click();\n//Verify Brand title is visible\ncy.contains('Brand - Polo Products').should('be.visible');\n//Click on Dress\ncy.get('a[href=\"/brand_products/Mast & Harbour\"]').click();\n//Verify that Brand page is displayed and confirm\ncy.contains('Brand - Mast & Harbour Products').should('be.visible');",
              "err": {},
              "uuid": "1d9a7d8a-58ed-4c7f-876b-bace488aa5ee",
              "parentUUID": "02f16b22-7d2c-4559-a5ea-eceffadc116f",
              "isHook": false,
              "skipped": false
            }
          ],
          "suites": [],
          "passes": [
            "1d9a7d8a-58ed-4c7f-876b-bace488aa5ee"
          ],
          "failures": [],
          "pending": [],
          "skipped": [],
          "duration": 17012,
          "root": false,
          "rootEmpty": false,
          "_timeout": 2000
        }
      ],
      "passes": [],
      "failures": [],
      "pending": [],
      "skipped": [],
      "duration": 0,
      "root": true,
      "rootEmpty": true,
      "_timeout": 2000
    }
  ],
  "meta": {
    "mocha": {
      "version": "7.0.1"
    },
    "mochawesome": {
      "options": {
        "quiet": false,
        "reportFilename": "mochawesome",
        "saveHtml": false,
        "saveJson": true,
        "consoleReporter": "spec",
        "useInlineDiffs": false,
        "code": true
      },
      "version": "7.1.3"
    },
    "marge": {
      "options": {
        "id": "default",
        "charts": true,
        "reportPageTitle": "custom-title",
        "reportDir": "cypress\\reports\\.jsons",
        "embeddedScreenshots": true,
        "inlineAssets": true,
        "saveAllAttempts": true,
        "overwrite": false,
        "html": false,
        "json": true
      },
      "version": "6.2.0"
    }
  }
}