{
  "stats": {
    "suites": 1,
    "tests": 1,
    "passes": 1,
    "pending": 0,
    "failures": 0,
    "start": "2024-07-12T16:01:14.001Z",
    "end": "2024-07-12T16:04:02.878Z",
    "duration": 168877,
    "testsRegistered": 1,
    "passPercent": 100,
    "pendingPercent": 0,
    "other": 0,
    "hasOther": false,
    "skipped": 0,
    "hasSkipped": false
  },
  "results": [
    {
      "uuid": "b5df6c14-2913-4087-a11f-de98f3394307",
      "title": "",
      "fullFile": "cypress\\e2e\\add_review_on_product.cy.js",
      "file": "cypress\\e2e\\add_review_on_product.cy.js",
      "beforeHooks": [],
      "afterHooks": [],
      "tests": [],
      "suites": [
        {
          "uuid": "ac6cd77e-71ff-4cc8-9d78-29df9affe268",
          "title": "Add review on product",
          "fullFile": "",
          "file": "",
          "beforeHooks": [],
          "afterHooks": [],
          "tests": [
            {
              "title": "adds a review and verifies success message",
              "fullTitle": "Add review on product adds a review and verifies success message",
              "timedOut": null,
              "duration": 161576,
              "state": "passed",
              "speed": "slow",
              "pass": true,
              "fail": false,
              "pending": false,
              "context": null,
              "code": "cy.visit('http://automationexercise.com');\n// Click on 'Products' button\ncy.get('a[href=\"/products\"]').click();\n// Verify user is navigated to ALL PRODUCTS page\ncy.contains('All Products').should('be.visible');\n// Select a product (replace with logic to choose a product)\n// ... your logic to select a product ...\n// Click on 'View Product' button\ncy.get('a[href=\"/product_details/1\"]').click(); // Assuming the first product\n// Verify 'Write Your Review' is visible\ncy.contains('Write Your Review').should('be.visible');\n// Enter name, email and review\nconst reviewerName = 'Test User';\nconst reviewerEmail = 'test.user@example.com';\nconst reviewText = 'This is a great product!';\ncy.get('#name').type(reviewerName);\ncy.get('#email').type(reviewerEmail);\ncy.get('#button-review').type(reviewText);\n// Verify success message 'Thank you for your review.'\ncy.get('#review-section div > span').should('contain', 'Thank you for your review.');",
              "err": {},
              "uuid": "770b6011-d65b-4fc3-bf2c-2da56ac3e269",
              "parentUUID": "ac6cd77e-71ff-4cc8-9d78-29df9affe268",
              "isHook": false,
              "skipped": false
            }
          ],
          "suites": [],
          "passes": [
            "770b6011-d65b-4fc3-bf2c-2da56ac3e269"
          ],
          "failures": [],
          "pending": [],
          "skipped": [],
          "duration": 161576,
          "root": false,
          "rootEmpty": false,
          "_timeout": 2000
        }
      ],
      "passes": [],
      "failures": [],
      "pending": [],
      "skipped": [],
      "duration": 0,
      "root": true,
      "rootEmpty": true,
      "_timeout": 2000
    }
  ],
  "meta": {
    "mocha": {
      "version": "7.0.1"
    },
    "mochawesome": {
      "options": {
        "quiet": false,
        "reportFilename": "mochawesome",
        "saveHtml": false,
        "saveJson": true,
        "consoleReporter": "spec",
        "useInlineDiffs": false,
        "code": true
      },
      "version": "7.1.3"
    },
    "marge": {
      "options": {
        "id": "default",
        "charts": true,
        "reportPageTitle": "custom-title",
        "reportDir": "cypress\\reports\\.jsons",
        "embeddedScreenshots": true,
        "inlineAssets": true,
        "saveAllAttempts": true,
        "overwrite": false,
        "html": false,
        "json": true
      },
      "version": "6.2.0"
    }
  }
}