{
  "stats": {
    "suites": 1,
    "tests": 1,
    "passes": 1,
    "pending": 0,
    "failures": 0,
    "start": "2024-07-15T12:44:14.271Z",
    "end": "2024-07-15T12:44:29.701Z",
    "duration": 15430,
    "testsRegistered": 1,
    "passPercent": 100,
    "pendingPercent": 0,
    "other": 0,
    "hasOther": false,
    "skipped": 0,
    "hasSkipped": false
  },
  "results": [
    {
      "uuid": "a7ee4464-f363-495e-98de-59488815157b",
      "title": "",
      "fullFile": "cypress\\e2e\\verify_product_quantity_in_cart.cy.js",
      "file": "cypress\\e2e\\verify_product_quantity_in_cart.cy.js",
      "beforeHooks": [],
      "afterHooks": [],
      "tests": [],
      "suites": [
        {
          "uuid": "68e17424-e64c-4c30-8d6f-0e383deeb196",
          "title": "Test Case 13: Verify Product quantity in Cart",
          "fullFile": "",
          "file": "",
          "beforeHooks": [],
          "afterHooks": [],
          "tests": [
            {
              "title": "increases quantity and verifies it in cart",
              "fullTitle": "Test Case 13: Verify Product quantity in Cart increases quantity and verifies it in cart",
              "timedOut": null,
              "duration": 9090,
              "state": "passed",
              "speed": "medium",
              "pass": true,
              "fail": false,
              "pending": false,
              "context": null,
              "code": "cy.visit('http://automationexercise.com');\n// Verify home page is visible\ncy.get('.logo a>img').should('be.visible');\n// Click 'View Product' for any product\ncy.get('.product-image-wrapper .choose > ul >li >a').first().click();\n// Verify product detail is opened\ncy.get('.product-information').should('be.visible');\n// Increase quantity to 4\ncy.get('#quantity').clear().type('4');\n// Click 'Add to cart' button\ncy.get('.cart').click();\n// confirm the product\ncy.get('#cartModal > div > div > div.modal-footer > button').click();\n// Click 'View Cart' button\ncy.get('li [href=\"/view_cart\"]').click();\n// Verify product is displayed with quantity 4\ncy.get('#product-1').should('contain', 'Blue Top') // Replace with actual product name selector\n.find('.cart_quantity').should('contain', '4');",
              "err": {},
              "uuid": "a63aa77c-184c-44c6-ae5a-c622caf38803",
              "parentUUID": "68e17424-e64c-4c30-8d6f-0e383deeb196",
              "isHook": false,
              "skipped": false
            }
          ],
          "suites": [],
          "passes": [
            "a63aa77c-184c-44c6-ae5a-c622caf38803"
          ],
          "failures": [],
          "pending": [],
          "skipped": [],
          "duration": 9090,
          "root": false,
          "rootEmpty": false,
          "_timeout": 2000
        }
      ],
      "passes": [],
      "failures": [],
      "pending": [],
      "skipped": [],
      "duration": 0,
      "root": true,
      "rootEmpty": true,
      "_timeout": 2000
    }
  ],
  "meta": {
    "mocha": {
      "version": "7.0.1"
    },
    "mochawesome": {
      "options": {
        "quiet": false,
        "reportFilename": "mochawesome",
        "saveHtml": false,
        "saveJson": true,
        "consoleReporter": "spec",
        "useInlineDiffs": false,
        "code": true
      },
      "version": "7.1.3"
    },
    "marge": {
      "options": {
        "id": "default",
        "charts": true,
        "reportPageTitle": "custom-title",
        "reportDir": "cypress\\reports\\.jsons",
        "embeddedScreenshots": true,
        "inlineAssets": true,
        "saveAllAttempts": true,
        "overwrite": false,
        "html": false,
        "json": true
      },
      "version": "6.2.0"
    }
  }
}