{
  "stats": {
    "suites": 1,
    "tests": 1,
    "passes": 0,
    "pending": 0,
    "failures": 1,
    "start": "2024-05-29T10:27:48.334Z",
    "end": "2024-05-29T10:27:49.353Z",
    "duration": 1019,
    "testsRegistered": 1,
    "passPercent": 0,
    "pendingPercent": 0,
    "other": 0,
    "hasOther": false,
    "skipped": 0,
    "hasSkipped": false
  },
  "results": [
    {
      "uuid": "52774761-c7d3-4356-954f-771ac60dc53b",
      "title": "",
      "fullFile": "cypress\\e2e\\invalid_login.cy.js",
      "file": "cypress\\e2e\\invalid_login.cy.js",
      "beforeHooks": [],
      "afterHooks": [],
      "tests": [],
      "suites": [
        {
          "uuid": "c1ef0636-3499-4da8-93a4-a91efb23021c",
          "title": "Login User",
          "fullFile": "",
          "file": "",
          "beforeHooks": [],
          "afterHooks": [],
          "tests": [
            {
              "title": "should fail to login with incorrect email and password",
              "fullTitle": "Login User should fail to login with incorrect email and password",
              "timedOut": null,
              "duration": 910,
              "state": "failed",
              "speed": null,
              "pass": false,
              "fail": true,
              "pending": false,
              "context": "{\n  \"title\": \"cypress-mochawesome-reporter-screenshots\",\n  \"value\": [\n    [\n      \"\\\\invalid_login.cy.js\\\\Login User -- should fail to login with incorrect email and password (failed).png\"\n    ]\n  ]\n}",
              "code": "cy.visit('http://automationexercise.com');\ncy.contains('Signup / Login').click();\ncy.contains('Login to your account');\n// Replace '#email' and '#password' with the actual selectors for each input field\ncy.get('[data-qa=\"login-email\"]').type('incorrect@example.com');\ncy.get('[data-qa=\"login-password\"]').type('incorrectpassword');\ncy.get('[data-qa=\"login-button\"]').click();\ncy.contains('Your email or password is incorrect!').should('be.visible');",
              "err": {
                "message": "CypressError: `cy.visit()` failed trying to load:\n\nhttp://automationexercise.com/\n\nWe attempted to make an http request to this URL but the request failed without a response.\n\nWe received this error at the network level:\n\n  > Error: getaddrinfo ENOTFOUND automationexercise.com\n\nCommon situations why this would fail:\n  - you don't have internet access\n  - you forgot to run / boot your web server\n  - your web server isn't accessible\n  - you have weird network configuration settings on your computer",
                "estack": "CypressError: `cy.visit()` failed trying to load:\n\nhttp://automationexercise.com/\n\nWe attempted to make an http request to this URL but the request failed without a response.\n\nWe received this error at the network level:\n\n  > Error: getaddrinfo ENOTFOUND automationexercise.com\n\nCommon situations why this would fail:\n  - you don't have internet access\n  - you forgot to run / boot your web server\n  - your web server isn't accessible\n  - you have weird network configuration settings on your computer\n    at <unknown> (http://localhost:6752/__cypress/runner/cypress_runner.js:131480:74)\n    at visitFailedByErr (http://localhost:6752/__cypress/runner/cypress_runner.js:130878:12)\n    at <unknown> (http://localhost:6752/__cypress/runner/cypress_runner.js:131479:11)\n    at tryCatcher (http://localhost:6752/__cypress/runner/cypress_runner.js:1807:23)\n    at Promise._settlePromiseFromHandler (http://localhost:6752/__cypress/runner/cypress_runner.js:1519:31)\n    at Promise._settlePromise (http://localhost:6752/__cypress/runner/cypress_runner.js:1576:18)\n    at Promise._settlePromise0 (http://localhost:6752/__cypress/runner/cypress_runner.js:1621:10)\n    at Promise._settlePromises (http://localhost:6752/__cypress/runner/cypress_runner.js:1697:18)\n    at _drainQueueStep (http://localhost:6752/__cypress/runner/cypress_runner.js:2407:12)\n    at _drainQueue (http://localhost:6752/__cypress/runner/cypress_runner.js:2400:9)\n    at Async._drainQueues (http://localhost:6752/__cypress/runner/cypress_runner.js:2416:5)\n    at Async.drainQueues (http://localhost:6752/__cypress/runner/cypress_runner.js:2286:14)\nFrom Your Spec Code:\n    at Context.eval (webpack:///./cypress/e2e/invalid_login.cy.js:3:11)\n\nFrom Node.js Internals:\n  Error: getaddrinfo ENOTFOUND automationexercise.com\n      at GetAddrInfoReqWrap.onlookup [as oncomplete] (node:dns:108:26)",
                "diff": null
              },
              "uuid": "29669279-e7a0-4daf-8d42-3ce5111b0bcb",
              "parentUUID": "c1ef0636-3499-4da8-93a4-a91efb23021c",
              "isHook": false,
              "skipped": false
            }
          ],
          "suites": [],
          "passes": [],
          "failures": [
            "29669279-e7a0-4daf-8d42-3ce5111b0bcb"
          ],
          "pending": [],
          "skipped": [],
          "duration": 910,
          "root": false,
          "rootEmpty": false,
          "_timeout": 2000
        }
      ],
      "passes": [],
      "failures": [],
      "pending": [],
      "skipped": [],
      "duration": 0,
      "root": true,
      "rootEmpty": true,
      "_timeout": 2000
    }
  ],
  "meta": {
    "mocha": {
      "version": "7.0.1"
    },
    "mochawesome": {
      "options": {
        "quiet": false,
        "reportFilename": "mochawesome",
        "saveHtml": false,
        "saveJson": true,
        "consoleReporter": "spec",
        "useInlineDiffs": false,
        "code": true
      },
      "version": "7.1.3"
    },
    "marge": {
      "options": {
        "id": "default",
        "charts": true,
        "reportPageTitle": "custom-title",
        "reportDir": "cypress\\reports\\.jsons",
        "embeddedScreenshots": true,
        "inlineAssets": true,
        "saveAllAttempts": true,
        "overwrite": false,
        "html": false,
        "json": true
      },
      "version": "6.2.0"
    }
  }
}