{
  "stats": {
    "suites": 1,
    "tests": 1,
    "passes": 0,
    "pending": 0,
    "failures": 1,
    "start": "2024-07-18T14:59:11.132Z",
    "end": "2024-07-18T14:59:12.216Z",
    "duration": 1084,
    "testsRegistered": 1,
    "passPercent": 0,
    "pendingPercent": 0,
    "other": 0,
    "hasOther": false,
    "skipped": 0,
    "hasSkipped": false
  },
  "results": [
    {
      "uuid": "e29e1235-6630-4ec0-8fff-244c6f73ba20",
      "title": "",
      "fullFile": "cypress\\e2e\\verify_scroll_up_and_down_functionality.cy.js",
      "file": "cypress\\e2e\\verify_scroll_up_and_down_functionality.cy.js",
      "beforeHooks": [],
      "afterHooks": [],
      "tests": [],
      "suites": [
        {
          "uuid": "2b7362aa-328b-450c-a412-d0a6dc8f8cc0",
          "title": "Verify Scroll Up and Down Functionality",
          "fullFile": "",
          "file": "",
          "beforeHooks": [],
          "afterHooks": [],
          "tests": [
            {
              "title": "should scroll down, verify \"SUBSCRIPTION\", scroll up, and verify homepage text",
              "fullTitle": "Verify Scroll Up and Down Functionality should scroll down, verify \"SUBSCRIPTION\", scroll up, and verify homepage text",
              "timedOut": null,
              "duration": 913,
              "state": "failed",
              "speed": null,
              "pass": false,
              "fail": true,
              "pending": false,
              "context": "{\n  \"title\": \"cypress-mochawesome-reporter-screenshots\",\n  \"value\": [\n    [\n      \"\\\\verify_scroll_up_and_down_functionality.cy.js\\\\Verify Scroll Up and Down Functionality -- should scroll down, verify SUBSCRIPTION, scroll up, and verify homepage text (failed) (1).png\"\n    ]\n  ]\n}",
              "code": "cy.visit('http://automationexercise.com');\n// Verify home page is visible\ncy.get('#slider-carousel').should('be.visible');\n// Scroll down to the bottom of the page\ncy.scrollTo('bottom');\n// Verify 'SUBSCRIPTION' is visible (assuming it's near the bottom)\ncy.get('.single-widget').should('be.visible');\n// Click on the 'up arrow' button (assuming there's a specific element)\ncy.get('#scrollUp').click(); // Replace with actual selector\n// Verify scrolled up and homepage text is visible\ncy.get('#slider-carousel').should('contain', 'Full-Fledged practice website for Automation Engineers');",
              "err": {
                "message": "CypressError: `cy.visit()` failed trying to load:\n\nhttp://automationexercise.com/\n\nWe attempted to make an http request to this URL but the request failed without a response.\n\nWe received this error at the network level:\n\n  > Error: getaddrinfo ENOTFOUND automationexercise.com\n\nCommon situations why this would fail:\n  - you don't have internet access\n  - you forgot to run / boot your web server\n  - your web server isn't accessible\n  - you have weird network configuration settings on your computer",
                "estack": "CypressError: `cy.visit()` failed trying to load:\n\nhttp://automationexercise.com/\n\nWe attempted to make an http request to this URL but the request failed without a response.\n\nWe received this error at the network level:\n\n  > Error: getaddrinfo ENOTFOUND automationexercise.com\n\nCommon situations why this would fail:\n  - you don't have internet access\n  - you forgot to run / boot your web server\n  - your web server isn't accessible\n  - you have weird network configuration settings on your computer\n    at <unknown> (http://localhost:3964/__cypress/runner/cypress_runner.js:131480:74)\n    at visitFailedByErr (http://localhost:3964/__cypress/runner/cypress_runner.js:130878:12)\n    at <unknown> (http://localhost:3964/__cypress/runner/cypress_runner.js:131479:11)\n    at tryCatcher (http://localhost:3964/__cypress/runner/cypress_runner.js:1807:23)\n    at Promise._settlePromiseFromHandler (http://localhost:3964/__cypress/runner/cypress_runner.js:1519:31)\n    at Promise._settlePromise (http://localhost:3964/__cypress/runner/cypress_runner.js:1576:18)\n    at Promise._settlePromise0 (http://localhost:3964/__cypress/runner/cypress_runner.js:1621:10)\n    at Promise._settlePromises (http://localhost:3964/__cypress/runner/cypress_runner.js:1697:18)\n    at _drainQueueStep (http://localhost:3964/__cypress/runner/cypress_runner.js:2407:12)\n    at _drainQueue (http://localhost:3964/__cypress/runner/cypress_runner.js:2400:9)\n    at Async._drainQueues (http://localhost:3964/__cypress/runner/cypress_runner.js:2416:5)\n    at Async.drainQueues (http://localhost:3964/__cypress/runner/cypress_runner.js:2286:14)\nFrom Your Spec Code:\n    at Context.eval (webpack:///./cypress/e2e/verify_scroll_up_and_down_functionality.cy.js:3:11)\n\nFrom Node.js Internals:\n  Error: getaddrinfo ENOTFOUND automationexercise.com\n      at GetAddrInfoReqWrap.onlookup [as oncomplete] (node:dns:108:26)",
                "diff": null
              },
              "uuid": "95aecad3-ae20-47f9-a103-f0524c7d2295",
              "parentUUID": "2b7362aa-328b-450c-a412-d0a6dc8f8cc0",
              "isHook": false,
              "skipped": false
            }
          ],
          "suites": [],
          "passes": [],
          "failures": [
            "95aecad3-ae20-47f9-a103-f0524c7d2295"
          ],
          "pending": [],
          "skipped": [],
          "duration": 913,
          "root": false,
          "rootEmpty": false,
          "_timeout": 2000
        }
      ],
      "passes": [],
      "failures": [],
      "pending": [],
      "skipped": [],
      "duration": 0,
      "root": true,
      "rootEmpty": true,
      "_timeout": 2000
    }
  ],
  "meta": {
    "mocha": {
      "version": "7.0.1"
    },
    "mochawesome": {
      "options": {
        "quiet": false,
        "reportFilename": "mochawesome",
        "saveHtml": false,
        "saveJson": true,
        "consoleReporter": "spec",
        "useInlineDiffs": false,
        "code": true
      },
      "version": "7.1.3"
    },
    "marge": {
      "options": {
        "id": "default",
        "charts": true,
        "reportPageTitle": "custom-title",
        "reportDir": "cypress\\reports\\.jsons",
        "embeddedScreenshots": true,
        "inlineAssets": true,
        "saveAllAttempts": true,
        "overwrite": false,
        "html": false,
        "json": true
      },
      "version": "6.2.0"
    }
  }
}