{
  "stats": {
    "suites": 1,
    "tests": 1,
    "passes": 1,
    "pending": 0,
    "failures": 0,
    "start": "2024-07-15T12:45:16.884Z",
    "end": "2024-07-15T12:45:29.087Z",
    "duration": 12203,
    "testsRegistered": 1,
    "passPercent": 100,
    "pendingPercent": 0,
    "other": 0,
    "hasOther": false,
    "skipped": 0,
    "hasSkipped": false
  },
  "results": [
    {
      "uuid": "1c908e3c-ee79-4df4-83b3-48cd36806e43",
      "title": "",
      "fullFile": "cypress\\e2e\\verify_scroll_up_and_down_without_arrow_button.cy.js",
      "file": "cypress\\e2e\\verify_scroll_up_and_down_without_arrow_button.cy.js",
      "beforeHooks": [],
      "afterHooks": [],
      "tests": [],
      "suites": [
        {
          "uuid": "97248234-610c-43e7-87dd-894be169e7f1",
          "title": "Verify Scroll Up and Down without Arrow Button",
          "fullFile": "",
          "file": "",
          "beforeHooks": [],
          "afterHooks": [],
          "tests": [
            {
              "title": "should scroll down, verify \"SUBSCRIPTION\", scroll up using JavaScript, and verify homepage text",
              "fullTitle": "Verify Scroll Up and Down without Arrow Button should scroll down, verify \"SUBSCRIPTION\", scroll up using JavaScript, and verify homepage text",
              "timedOut": null,
              "duration": 6022,
              "state": "passed",
              "speed": "medium",
              "pass": true,
              "fail": false,
              "pending": false,
              "context": null,
              "code": "cy.visit('http://automationexercise.com');\n// Verify home page is visible\ncy.get('#slider-carousel').should('be.visible');\n// Scroll down to the bottom of the page\ncy.scrollTo('bottom');\n// Verify 'SUBSCRIPTION' is visible (assuming it's near the bottom)\ncy.get('.single-widget').should('be.visible');\n// Scroll up using JavaScript (since no arrow button)\ncy.window().then(win => {\n  win.scrollTo(0, 0); // Scroll to top coordinates (0, 0)\n});\n// Verify scrolled up and homepage text is visible\ncy.get('#slider-carousel').should('contain', 'Full-Fledged practice website for Automation Engineers');",
              "err": {},
              "uuid": "051d0dec-ffcd-4634-a7b7-fffb9811cf41",
              "parentUUID": "97248234-610c-43e7-87dd-894be169e7f1",
              "isHook": false,
              "skipped": false
            }
          ],
          "suites": [],
          "passes": [
            "051d0dec-ffcd-4634-a7b7-fffb9811cf41"
          ],
          "failures": [],
          "pending": [],
          "skipped": [],
          "duration": 6022,
          "root": false,
          "rootEmpty": false,
          "_timeout": 2000
        }
      ],
      "passes": [],
      "failures": [],
      "pending": [],
      "skipped": [],
      "duration": 0,
      "root": true,
      "rootEmpty": true,
      "_timeout": 2000
    }
  ],
  "meta": {
    "mocha": {
      "version": "7.0.1"
    },
    "mochawesome": {
      "options": {
        "quiet": false,
        "reportFilename": "mochawesome",
        "saveHtml": false,
        "saveJson": true,
        "consoleReporter": "spec",
        "useInlineDiffs": false,
        "code": true
      },
      "version": "7.1.3"
    },
    "marge": {
      "options": {
        "id": "default",
        "charts": true,
        "reportPageTitle": "custom-title",
        "reportDir": "cypress\\reports\\.jsons",
        "embeddedScreenshots": true,
        "inlineAssets": true,
        "saveAllAttempts": true,
        "overwrite": false,
        "html": false,
        "json": true
      },
      "version": "6.2.0"
    }
  }
}