{
  "stats": {
    "suites": 1,
    "tests": 1,
    "passes": 1,
    "pending": 0,
    "failures": 0,
    "start": "2024-05-11T08:15:52.248Z",
    "end": "2024-05-11T08:16:14.486Z",
    "duration": 22238,
    "testsRegistered": 1,
    "passPercent": 100,
    "pendingPercent": 0,
    "other": 0,
    "hasOther": false,
    "skipped": 0,
    "hasSkipped": false
  },
  "results": [
    {
      "uuid": "384e7188-ec36-4526-8f3c-021ed7c67133",
      "title": "",
      "fullFile": "cypress\\e2e\\verify_testCases_files.cy.js",
      "file": "cypress\\e2e\\verify_testCases_files.cy.js",
      "beforeHooks": [],
      "afterHooks": [],
      "tests": [],
      "suites": [
        {
          "uuid": "baee7f71-d27d-49ad-a54f-0cb7ccec3961",
          "title": "Verify Test Cases Page",
          "fullFile": "",
          "file": "",
          "beforeHooks": [],
          "afterHooks": [],
          "tests": [
            {
              "title": "Verify Test Cases Page",
              "fullTitle": "Verify Test Cases Page Verify Test Cases Page",
              "timedOut": null,
              "duration": 16001,
              "state": "passed",
              "speed": "slow",
              "pass": true,
              "fail": false,
              "pending": false,
              "context": null,
              "code": "// Step 1: Launch browser\n// Cypress automatically launches the browser\n// Step 2: Navigate to url 'http://automationexercise.com'\ncy.visit('http://automationexercise.com');\n// Step 3: Verify that home page is visible successfully\ncy.url().should('include', 'automationexercise');\n// Step 4: Click on 'Test Cases' button\ncy.contains('Test Cases').click();\ncy.get('#form > div > div.row > div > h2').should('contain', 'Test Cases');\n// Step 5: Verify user is navigated to test cases page successfully\ncy.url().should('include', 'test_cases');",
              "err": {},
              "uuid": "a45ab13c-0012-46fd-8cf9-9ad5649e6f58",
              "parentUUID": "baee7f71-d27d-49ad-a54f-0cb7ccec3961",
              "isHook": false,
              "skipped": false
            }
          ],
          "suites": [],
          "passes": [
            "a45ab13c-0012-46fd-8cf9-9ad5649e6f58"
          ],
          "failures": [],
          "pending": [],
          "skipped": [],
          "duration": 16001,
          "root": false,
          "rootEmpty": false,
          "_timeout": 2000
        }
      ],
      "passes": [],
      "failures": [],
      "pending": [],
      "skipped": [],
      "duration": 0,
      "root": true,
      "rootEmpty": true,
      "_timeout": 2000
    }
  ],
  "meta": {
    "mocha": {
      "version": "7.0.1"
    },
    "mochawesome": {
      "options": {
        "quiet": false,
        "reportFilename": "mochawesome",
        "saveHtml": true,
        "saveJson": true,
        "consoleReporter": "spec",
        "useInlineDiffs": false,
        "code": true
      },
      "version": "7.1.3"
    },
    "marge": {
      "options": null,
      "version": "6.2.0"
    }
  }
}