{
  "stats": {
    "suites": 1,
    "tests": 1,
    "passes": 0,
    "pending": 0,
    "failures": 1,
    "start": "2024-05-11T08:11:15.507Z",
    "end": "2024-05-11T08:11:38.605Z",
    "duration": 23098,
    "testsRegistered": 1,
    "passPercent": 0,
    "pendingPercent": 0,
    "other": 0,
    "hasOther": false,
    "skipped": 0,
    "hasSkipped": false
  },
  "results": [
    {
      "uuid": "ff3a7741-3910-49f1-bd0e-1ffa0334eaf8",
      "title": "",
      "fullFile": "cypress\\e2e\\login_user.cy.js",
      "file": "cypress\\e2e\\login_user.cy.js",
      "beforeHooks": [],
      "afterHooks": [],
      "tests": [],
      "suites": [
        {
          "uuid": "28357888-9e95-4d3b-8ed6-b0dba677027c",
          "title": "Login User",
          "fullFile": "",
          "file": "",
          "beforeHooks": [],
          "afterHooks": [],
          "tests": [
            {
              "title": "should login and delete a user",
              "fullTitle": "Login User should login and delete a user",
              "timedOut": null,
              "duration": 16022,
              "state": "failed",
              "speed": null,
              "pass": false,
              "fail": true,
              "pending": false,
              "context": null,
              "code": "cy.visit('http://automationexercise.com');\ncy.contains('Signup / Login').click();\ncy.contains('Login to your account').should('be.visible');\n// Replace '#email' and '#password' with the actual selectors for each input field\ncy.get('[data-qa=\"login-email\"]').type('abu@gmail.com');\ncy.get('[data-qa=\"login-password\"]').type('123456');\ncy.get('[data-qa=\"login-button\"]').click();\ncy.get('#header > div > div > div > div.col-sm-8 > div > ul > li:nth-child(10) > a').contains('Logged in as Abu Bakkar').should('be.visible');\ncy.get('#header > div > div > div > div.col-sm-8 > div > ul > li:nth-child(5) > a').click();\ncy.get('[data-qa=\"account-deleted\"]').contains('Account Deleted!');",
              "err": {
                "message": "AssertionError: Timed out retrying after 4000ms: Expected to find element: `#header > div > div > div > div.col-sm-8 > div > ul > li:nth-child(10) > a`, but never found it.",
                "estack": "AssertionError: Timed out retrying after 4000ms: Expected to find element: `#header > div > div > div > div.col-sm-8 > div > ul > li:nth-child(10) > a`, but never found it.\n    at Context.eval (webpack:///./cypress/e2e/login_user.cy.js:13:11)",
                "diff": null
              },
              "uuid": "a97a59e5-271f-4313-aa1f-31d8770afc3d",
              "parentUUID": "28357888-9e95-4d3b-8ed6-b0dba677027c",
              "isHook": false,
              "skipped": false
            }
          ],
          "suites": [],
          "passes": [],
          "failures": [
            "a97a59e5-271f-4313-aa1f-31d8770afc3d"
          ],
          "pending": [],
          "skipped": [],
          "duration": 16022,
          "root": false,
          "rootEmpty": false,
          "_timeout": 2000
        }
      ],
      "passes": [],
      "failures": [],
      "pending": [],
      "skipped": [],
      "duration": 0,
      "root": true,
      "rootEmpty": true,
      "_timeout": 2000
    }
  ],
  "meta": {
    "mocha": {
      "version": "7.0.1"
    },
    "mochawesome": {
      "options": {
        "quiet": false,
        "reportFilename": "mochawesome",
        "saveHtml": true,
        "saveJson": true,
        "consoleReporter": "spec",
        "useInlineDiffs": false,
        "code": true
      },
      "version": "7.1.3"
    },
    "marge": {
      "options": null,
      "version": "6.2.0"
    }
  }
}